#XSPEC version: 12.13.0
#Build Date/Time: Tue Nov 22 21:01:32 2022
#
!XSPEC12>fit
#                                   Parameters
#C-Statistic  |beta|/N    Lvl    agn:3:norm  bvapec1:2:kT bvapec1:10:Si  bvapec1:11:S bvapec1:12:Ar bvapec1:13:Ca bvapec1:14:Fe bvapec1:15:Ni bvapec1:16:Re bvapec1:17:Ve bvapec1:18:no
#17728.2      7509.95      -3    0.00479718       1.78545      0.856593      0.860669      0.908414      0.994795      0.807243       1.19472    0.00429210       159.262     0.0344929
#16748.8      9113.77      -4    0.00428006       1.73759       1.38127       1.36931       1.38750       1.61310       1.22811       3.28470    0.00426294       159.997     0.0336328
#16591.8      4336.85      -5    0.00421928       1.74643       1.81536       1.76000       1.61901       1.93072       1.45528       4.23700    0.00425374       151.800     0.0318440
#16584        961.3        -6    0.00419514       1.74803       1.94653       1.86809       1.65377       1.98609       1.50082       4.37131    0.00425319       149.123     0.0315890
#16583.9      57.5888      -7    0.00419560       1.74772       1.95407       1.87325       1.65397       1.98848       1.50366       4.37664    0.00425299       148.661     0.0315786
#16583.9      2.70043      -8    0.00419527       1.74777       1.95416       1.87317       1.65368       1.98834       1.50346       4.37542    0.00425300       148.602     0.0315795
#==========================================================================================
# Variances and Principal Axes
#             agn:3bvapec1:2bvapec1:10bvapec1:11bvapec1:12bvapec1:13bvapec1:14bvapec1:15bvapec1:16bvapec1:17bvapec1:18  
# 3.4646E-10|  0.0015   0.0000   0.0000   0.0000   0.0000  -0.0000  -0.0000   0.0000  -1.0000   0.0000   0.0007  
# 4.4871E-09|  0.9780   0.0063   0.0003   0.0003   0.0001   0.0001   0.0005   0.0000   0.0016   0.0000   0.2084  
# 1.5934E-07| -0.2085   0.0105   0.0017   0.0041   0.0016   0.0011   0.0044   0.0000   0.0004  -0.0000   0.9779  
# 1.4114E-04| -0.0038   0.9776  -0.0413  -0.0764  -0.0042   0.0098   0.1910   0.0018   0.0000  -0.0001  -0.0118  
# 3.7946E-03| -0.0001  -0.0929   0.3631  -0.9042   0.0577   0.0448   0.1911  -0.0021  -0.0000   0.0005   0.0032  
# 4.3744E-03|  0.0010  -0.1530   0.0233   0.1711  -0.3551  -0.2759   0.8628  -0.0102  -0.0000   0.0006  -0.0019  
# 7.9006E-03| -0.0004   0.0533   0.3101   0.0358  -0.8382   0.3800  -0.2294   0.0068   0.0000  -0.0001   0.0006  
# 1.1379E-02| -0.0004   0.0955   0.7041   0.1971   0.0484  -0.6352  -0.2242   0.0122   0.0000  -0.0003  -0.0016  
# 2.3506E-02|  0.0006  -0.0117   0.5234   0.3272   0.4067   0.6111   0.2814  -0.0267  -0.0000  -0.0032  -0.0047  
# 1.0714E+00|  0.0000  -0.0054   0.0043   0.0061   0.0125   0.0188   0.0207   0.9995  -0.0000  -0.0008  -0.0001  
# 6.1639E+01| -0.0000   0.0002   0.0018   0.0014   0.0014   0.0019   0.0003   0.0007   0.0000   1.0000  -0.0000  
#------------------------------------------------------------------------------------------
#
#====================================================================================================================================
#  Covariance Matrix
#        1           2           3           4           5           6           7           8           9          10          11   
#   2.913e-08  -2.073e-06   2.944e-06   4.450e-06   6.696e-06   9.100e-06   9.632e-06   2.197e-05  -1.354e-10  -5.551e-05  -9.486e-08
#  -2.073e-06   4.332e-04   5.994e-04   3.155e-04  -2.505e-04  -6.123e-04  -1.153e-03  -5.746e-03   2.782e-08   1.243e-02  -9.337e-07
#   2.944e-06   5.994e-04   1.355e-02   4.649e-03   3.588e-03   3.690e-03   1.578e-03   4.493e-03   6.929e-08   1.082e-01  -6.611e-05
#   4.450e-06   3.155e-04   4.649e-03   6.369e-03   2.739e-03   3.317e-03   1.743e-03   6.448e-03   6.034e-08   8.903e-02  -5.325e-05
#   6.696e-06  -2.505e-04   3.588e-03   2.739e-03   1.031e-02   3.828e-03   3.085e-03   1.313e-02   3.295e-09   8.448e-02  -4.864e-05
#   9.100e-06  -6.123e-04   3.690e-03   3.317e-03   3.828e-03   1.546e-02   4.413e-03   1.976e-02  -5.221e-08   1.185e-01  -5.486e-05
#   9.632e-06  -1.153e-03   1.578e-03   1.743e-03   3.085e-03   4.413e-03   6.713e-03   2.192e-02  -8.359e-08   1.546e-02  -3.653e-05
#   2.197e-05  -5.746e-03   4.493e-03   6.448e-03   1.313e-02   1.976e-02   2.192e-02   1.070e+00  -2.419e-07   4.261e-02  -1.521e-04
#  -1.354e-10   2.782e-08   6.929e-08   6.034e-08   3.295e-09  -5.221e-08  -8.359e-08  -2.419e-07   3.505e-10   1.062e-05  -1.376e-10
#  -5.551e-05   1.243e-02   1.082e-01   8.903e-02   8.448e-02   1.185e-01   1.546e-02   4.261e-02   1.062e-05   6.164e+01  -6.641e-04
#  -9.486e-08  -9.337e-07  -6.611e-05  -5.325e-05  -4.864e-05  -5.486e-05  -3.653e-05  -1.521e-04  -1.376e-10  -6.641e-04   7.969e-07
#------------------------------------------------------------------------------------------------------------------------------------
#
#========================================================================
#Model agn:TBabs<1>*powerlaw<2> Source No.: 1   Active/On
#Model Model Component  Parameter  Unit     Value
# par  comp
#   1    1   TBabs      nH         10^22    0.129000     frozen
#   2    2   powerlaw   PhoIndex            2.35000      frozen
#   3    2   powerlaw   norm                4.19527E-03  +/-  1.70674E-04  
#________________________________________________________________________
#
#
#========================================================================
#Model bvapec1:TBabs<1>*bvapec<2> Source No.: 2   Active/On
#Model Model Component  Parameter  Unit     Value
# par  comp
#   1    1   TBabs      nH         10^22    0.129000     frozen
#   2    2   bvapec     kT         keV      1.74777      +/-  2.08129E-02  
#   3    2   bvapec     He                  1.00000      frozen
#   4    2   bvapec     C                   1.00000      frozen
#   5    2   bvapec     N                   1.00000      frozen
#   6    2   bvapec     O                   1.00000      frozen
#   7    2   bvapec     Ne                  1.00000      frozen
#   8    2   bvapec     Mg                  1.00000      frozen
#   9    2   bvapec     Al                  1.00000      frozen
#  10    2   bvapec     Si                  1.95416      +/-  0.116422     
#  11    2   bvapec     S                   1.87317      +/-  7.98047E-02  
#  12    2   bvapec     Ar                  1.65368      +/-  0.101552     
#  13    2   bvapec     Ca                  1.98834      +/-  0.124332     
#  14    2   bvapec     Fe                  1.50346      +/-  8.19328E-02  
#  15    2   bvapec     Ni                  4.37542      +/-  1.03458      
#  16    2   bvapec     Redshift            4.25300E-03  +/-  1.87208E-05  
#  17    2   bvapec     Velocity   km/s     148.602      +/-  7.85101      
#  18    2   bvapec     norm                3.15795E-02  +/-  8.92704E-04  
#________________________________________________________________________
#
#
#Fit statistic  : C-Statistic                16583.94     using 16599 bins.
#
#Test statistic : Chi-Squared                13285.80     using 16599 bins.
#
#***Warning: Chi-square may not be valid due to bins with zero variance
#            in spectrum number(s): 1 
#
# Null hypothesis probability of 1.00e+00 with 16588 degrees of freedom
#
!XSPEC12>parallel leven 1
#
!XSPEC12>parallel error 20
#
!XSPEC12>error 1. agn:3
# Parameter   Confidence Range (1)
#     3   0.00402937    0.0043608    (-0.000165909,0.000165522)
#
!XSPEC12>error 1. bvapec1:2,10-18
# Parameter   Confidence Range (1)
#     2      1.72864      1.76735    (-0.0191262,0.0195839)
#    10       1.8418      2.07263    (-0.112336,0.118497)
#    11      1.79525      1.95482    (-0.0779001,0.0816722)
#    12      1.55415      1.75773    (-0.0994931,0.104083)
#    13      1.86772      2.11492    (-0.120615,0.126583)
#    14      1.42815      1.58415    (-0.0753162,0.0806869)
#    15      3.39143       5.4512    (-0.983931,1.07584)
#    16   0.00423417   0.00427185    (-1.88374e-05,1.88444e-05)
#    17      140.067      157.127    (-8.52407,8.53625)
#    18    0.0306851    0.0324737    (-0.000894527,0.000894084)
#
!XSPEC12>parallel error 1
#
!XSPEC12>save model AGN_plus_TBabs_gdem
#
!XSPEC12>show par
#
#Parameters defined:
#========================================================================
#Model agn:TBabs<1>*powerlaw<2> Source No.: 1   Active/On
#Model Model Component  Parameter  Unit     Value
# par  comp
#   1    1   TBabs      nH         10^22    0.129000     frozen
#   2    2   powerlaw   PhoIndex            2.35000      frozen
#   3    2   powerlaw   norm                4.19528E-03  +/-  1.70674E-04  
#________________________________________________________________________
#
#========================================================================
#Model bvapec1:TBabs<1>*bvapec<2> Source No.: 2   Active/On
#Model Model Component  Parameter  Unit     Value
# par  comp
#   1    1   TBabs      nH         10^22    0.129000     frozen
#   2    2   bvapec     kT         keV      1.74777      +/-  2.08129E-02  
#   3    2   bvapec     He                  1.00000      frozen
#   4    2   bvapec     C                   1.00000      frozen
#   5    2   bvapec     N                   1.00000      frozen
#   6    2   bvapec     O                   1.00000      frozen
#   7    2   bvapec     Ne                  1.00000      frozen
#   8    2   bvapec     Mg                  1.00000      frozen
#   9    2   bvapec     Al                  1.00000      frozen
#  10    2   bvapec     Si                  1.95413      +/-  0.116422     
#  11    2   bvapec     S                   1.87315      +/-  7.98047E-02  
#  12    2   bvapec     Ar                  1.65365      +/-  0.101552     
#  13    2   bvapec     Ca                  1.98833      +/-  0.124332     
#  14    2   bvapec     Fe                  1.50346      +/-  8.19328E-02  
#  15    2   bvapec     Ni                  4.37536      +/-  1.03458      
#  16    2   bvapec     Redshift            4.25300E-03  +/-  1.87208E-05  
#  17    2   bvapec     Velocity   km/s     148.591      +/-  7.85101      
#  18    2   bvapec     norm                3.15796E-02  +/-  8.92704E-04  
#________________________________________________________________________
#
#
!XSPEC12>setpl rebin 5 10
#
!XSPEC12>setplot rebin 5 10
#
!XSPEC12>setpl xlog on
#
!XSPEC12>setplot xlog on
#
!XSPEC12>setpl ylog on
#
!XSPEC12>setplot ylog on
#
!XSPEC12>setpl energy
#
!XSPEC12>setplot energy
#
!XSPEC12>plot data resid
#
!XSPEC12>iplot
#
!XSPEC12>cpd AGN_plus_TBabs_gdem_Fe.ps/cps
#
!XSPEC12>notice all
# 60000 channels (1,60000) noticed in spectrum #     1
#
#All channels noticed
#Fit statistic  : C-Statistic                39540.08     using 60000 bins.
#
#Test statistic : Chi-Squared                15025.54     using 60000 bins.
#
#***Warning: Chi-square may not be valid due to bins with zero variance
#            in spectrum number(s): 1 
#
# Null hypothesis probability of 1.00e+00 with 59989 degrees of freedom
# Current data and model not fit yet.
#
#
!XSPEC12>ignore **: **-6. 7.-**
# 12000 channels (1-12000) ignored in spectrum #     1
# 46001 channels (14000-60000) ignored in spectrum #     1
#
#Fit statistic  : C-Statistic                 2233.95     using 1999 bins.
#
#Test statistic : Chi-Squared                 1415.82     using 1999 bins.
#
#***Warning: Chi-square may not be valid due to bins with zero variance
#            in spectrum number(s): 1 
#
# Null hypothesis probability of 1.00e+00 with 1988 degrees of freedom
# Current data and model not fit yet.
#
#
!XSPEC12>freeze agn:3 bvapec1:2 bvapec1:10 bvapec1:11 bvapec1:12 bvapec1:13 bvapec1:15 bvapec1:18
#
#Fit statistic  : C-Statistic                 2233.95     using 1999 bins.
#
#Test statistic : Chi-Squared                 1415.82     using 1999 bins.
#
#***Warning: Chi-square may not be valid due to bins with zero variance
#            in spectrum number(s): 1 
#
# Null hypothesis probability of 1.00e+00 with 1996 degrees of freedom
# Current data and model not fit yet.
#
!XSPEC12>newpar bvapec1:17 50.
#
#Fit statistic  : C-Statistic                 2273.13     using 1999 bins.
#
#Test statistic : Chi-Squared                 1442.16     using 1999 bins.
#
#***Warning: Chi-square may not be valid due to bins with zero variance
#            in spectrum number(s): 1 
#
# Null hypothesis probability of 1.00e+00 with 1996 degrees of freedom
# Current data and model not fit yet.
#
!XSPEC12>thaw bvapec1:17
#  parameter bvapec1:17 is not frozen.
#
!XSPEC12>fit
# Warning: renorm - no variable model to allow  renormalization
#                                   Parameters
#C-Statistic  |beta|/N    Lvl bvapec1:14:Fe bvapec1:16:Re bvapec1:17:Ve
#2230.48      19684.5      -3       1.44690    0.00429478       118.707
#2228.76      5019.02      -4       1.49019    0.00431581       125.027
#2228.75      149.116      -5       1.49202    0.00431664       125.658
#========================================
# Variances and Principal Axes
#         bvapec1:14bvapec1:16bvapec1:17  
# 1.3854E-09|  0.0000  -1.0000   0.0000  
# 1.7077E-03|  1.0000   0.0000  -0.0002  
# 1.6140E+02|  0.0002   0.0000   1.0000  
#----------------------------------------
#
#====================================
#  Covariance Matrix
#        1           2           3   
#   1.712e-03   1.139e-08   2.635e-02
#   1.139e-08   1.403e-09   5.274e-05
#   2.635e-02   5.274e-05   1.614e+02
#------------------------------------
#
#========================================================================
#Model agn:TBabs<1>*powerlaw<2> Source No.: 1   Active/On
#Model Model Component  Parameter  Unit     Value
# par  comp
#   1    1   TBabs      nH         10^22    0.129000     frozen
#   2    2   powerlaw   PhoIndex            2.35000      frozen
#   3    2   powerlaw   norm                4.19528E-03  frozen
#________________________________________________________________________
#
#
#========================================================================
#Model bvapec1:TBabs<1>*bvapec<2> Source No.: 2   Active/On
#Model Model Component  Parameter  Unit     Value
# par  comp
#   1    1   TBabs      nH         10^22    0.129000     frozen
#   2    2   bvapec     kT         keV      1.74777      frozen
#   3    2   bvapec     He                  1.00000      frozen
#   4    2   bvapec     C                   1.00000      frozen
#   5    2   bvapec     N                   1.00000      frozen
#   6    2   bvapec     O                   1.00000      frozen
#   7    2   bvapec     Ne                  1.00000      frozen
#   8    2   bvapec     Mg                  1.00000      frozen
#   9    2   bvapec     Al                  1.00000      frozen
#  10    2   bvapec     Si                  1.95413      frozen
#  11    2   bvapec     S                   1.87315      frozen
#  12    2   bvapec     Ar                  1.65365      frozen
#  13    2   bvapec     Ca                  1.98833      frozen
#  14    2   bvapec     Fe                  1.49202      +/-  4.13760E-02  
#  15    2   bvapec     Ni                  4.37536      frozen
#  16    2   bvapec     Redshift            4.31664E-03  +/-  3.74514E-05  
#  17    2   bvapec     Velocity   km/s     125.658      +/-  12.7044      
#  18    2   bvapec     norm                3.15796E-02  frozen
#________________________________________________________________________
#
#
#Fit statistic  : C-Statistic                 2228.75     using 1999 bins.
#
#Test statistic : Chi-Squared                 1397.96     using 1999 bins.
#
#***Warning: Chi-square may not be valid due to bins with zero variance
#            in spectrum number(s): 1 
#
# Null hypothesis probability of 1.00e+00 with 1996 degrees of freedom
#
!XSPEC12>parallel error 20
#
!XSPEC12>error 1. bvapec1:14,16,17
# Parameter   Confidence Range (1)
#    14      1.45094       1.5338    (-0.0410922,0.0417668)
#    16   0.00427882   0.00435434    (-3.77709e-05,3.77401e-05)
#    17      112.488       139.97    (-13.2479,14.2342)
#
!XSPEC12>save model AGN_plus_TBabs_gdem_Fe
#
!XSPEC12>setpl rebin 5 10
#
!XSPEC12>setplot rebin 5 10
#
!XSPEC12>setpl xlog on
#
!XSPEC12>setplot xlog on
#
!XSPEC12>setpl ylog on
#
!XSPEC12>setplot ylog on
#
!XSPEC12>setpl energy
#
!XSPEC12>setplot energy
#
!XSPEC12>plot data resid
#
!XSPEC12>iplot
#
!XSPEC12>cpd AGN_plus_TBabs_gdem_Si.ps/cps
#
!XSPEC12>notice all
# 60000 channels (1,60000) noticed in spectrum #     1
#
#All channels noticed
#Fit statistic  : C-Statistic                39561.42     using 60000 bins.
#
#Test statistic : Chi-Squared                15002.54     using 60000 bins.
#
#***Warning: Chi-square may not be valid due to bins with zero variance
#            in spectrum number(s): 1 
#
# Null hypothesis probability of 1.00e+00 with 59997 degrees of freedom
# Current data and model not fit yet.
#
#
!XSPEC12>ignore **: **-1.8 2.4-**
#  3601 channels (1-3601) ignored in spectrum #     1
# 55201 channels (4800-60000) ignored in spectrum #     1
#
#Fit statistic  : C-Statistic                 1412.35     using 1198 bins.
#
#Test statistic : Chi-Squared                  948.38     using 1198 bins.
#
#***Warning: Chi-square may not be valid due to bins with zero variance
#            in spectrum number(s): 1 
#
# Null hypothesis probability of 1.00e+00 with 1195 degrees of freedom
# Current data and model not fit yet.
#
#
!XSPEC12>freeze agn:3 bvapec1:2 bvapec1:14 bvapec1:11 bvapec1:12 bvapec1:13 bvapec1:15 bvapec1:18
#  parameter agn:3 is already frozen.
#  parameter bvapec1:2 is already frozen.
#  parameter bvapec1:11 is already frozen.
#  parameter bvapec1:12 is already frozen.
#  parameter bvapec1:13 is already frozen.
#  parameter bvapec1:15 is already frozen.
#  parameter bvapec1:18 is already frozen.
#
#Fit statistic  : C-Statistic                 1412.35     using 1198 bins.
#
#Test statistic : Chi-Squared                  948.38     using 1198 bins.
#
#***Warning: Chi-square may not be valid due to bins with zero variance
#            in spectrum number(s): 1 
#
# Null hypothesis probability of 1.00e+00 with 1196 degrees of freedom
# Current data and model not fit yet.
#
!XSPEC12>thaw bvapec1:10
#
#Fit statistic  : C-Statistic                 1412.35     using 1198 bins.
#
#Test statistic : Chi-Squared                  948.38     using 1198 bins.
#
#***Warning: Chi-square may not be valid due to bins with zero variance
#            in spectrum number(s): 1 
#
# Null hypothesis probability of 1.00e+00 with 1195 degrees of freedom
# Current data and model not fit yet.
#
!XSPEC12>newpar bvapec1:17 50.
#
#Fit statistic  : C-Statistic                 1417.83     using 1198 bins.
#
#Test statistic : Chi-Squared                  949.34     using 1198 bins.
#
#***Warning: Chi-square may not be valid due to bins with zero variance
#            in spectrum number(s): 1 
#
# Null hypothesis probability of 1.00e+00 with 1195 degrees of freedom
# Current data and model not fit yet.
#
!XSPEC12>thaw bvapec1:17
#  parameter bvapec1:17 is not frozen.
#
!XSPEC12>fit
# Warning: renorm - no variable model to allow  renormalization
#                                   Parameters
#C-Statistic  |beta|/N    Lvl bvapec1:10:Si bvapec1:16:Re bvapec1:17:Ve
#1409.07      13494.8      -3       1.94772    0.00423380       169.071
#1408.21      1678.89      -4       1.98761    0.00421391       152.497
#1408.19      1.24673      -5       1.98855    0.00421333       148.631
#1408.19      6.14429      -6       1.98823    0.00421315       147.863
#========================================
# Variances and Principal Axes
#         bvapec1:10bvapec1:16bvapec1:17  
# 3.2515E-09|  0.0000  -1.0000   0.0000  
# 8.6115E-03|  1.0000   0.0000  -0.0006  
# 8.4821E+02|  0.0006   0.0000   1.0000  
#----------------------------------------
#
#====================================
#  Covariance Matrix
#        1           2           3   
#   8.947e-03   1.913e-07   5.332e-01
#   1.913e-07   3.276e-09   1.396e-04
#   5.332e-01   1.396e-04   8.482e+02
#------------------------------------
#
#========================================================================
#Model agn:TBabs<1>*powerlaw<2> Source No.: 1   Active/On
#Model Model Component  Parameter  Unit     Value
# par  comp
#   1    1   TBabs      nH         10^22    0.129000     frozen
#   2    2   powerlaw   PhoIndex            2.35000      frozen
#   3    2   powerlaw   norm                4.19528E-03  frozen
#________________________________________________________________________
#
#
#========================================================================
#Model bvapec1:TBabs<1>*bvapec<2> Source No.: 2   Active/On
#Model Model Component  Parameter  Unit     Value
# par  comp
#   1    1   TBabs      nH         10^22    0.129000     frozen
#   2    2   bvapec     kT         keV      1.74777      frozen
#   3    2   bvapec     He                  1.00000      frozen
#   4    2   bvapec     C                   1.00000      frozen
#   5    2   bvapec     N                   1.00000      frozen
#   6    2   bvapec     O                   1.00000      frozen
#   7    2   bvapec     Ne                  1.00000      frozen
#   8    2   bvapec     Mg                  1.00000      frozen
#   9    2   bvapec     Al                  1.00000      frozen
#  10    2   bvapec     Si                  1.98823      +/-  9.45865E-02  
#  11    2   bvapec     S                   1.87315      frozen
#  12    2   bvapec     Ar                  1.65365      frozen
#  13    2   bvapec     Ca                  1.98833      frozen
#  14    2   bvapec     Fe                  1.49202      frozen
#  15    2   bvapec     Ni                  4.37536      frozen
#  16    2   bvapec     Redshift            4.21315E-03  +/-  5.72357E-05  
#  17    2   bvapec     Velocity   km/s     147.863      +/-  29.1240      
#  18    2   bvapec     norm                3.15796E-02  frozen
#________________________________________________________________________
#
#
#Fit statistic  : C-Statistic                 1408.19     using 1198 bins.
#
#Test statistic : Chi-Squared                  945.52     using 1198 bins.
#
#***Warning: Chi-square may not be valid due to bins with zero variance
#            in spectrum number(s): 1 
#
# Null hypothesis probability of 1.00e+00 with 1195 degrees of freedom
#
!XSPEC12>parallel error 20
#
!XSPEC12>error 1. bvapec1:10,16,17
# Parameter   Confidence Range (1)
#    10      1.89459      2.08426    (-0.0935699,0.0960977)
#    16   0.00415606   0.00427058    (-5.70506e-05,5.747e-05)
#    17      112.816      178.587    (-34.8994,30.8716)
#
!XSPEC12>save model AGN_plus_TBabs_gdem_Si
#
!XSPEC12>setpl rebin 5 10
#
!XSPEC12>setplot rebin 5 10
#
!XSPEC12>setpl xlog on
#
!XSPEC12>setplot xlog on
#
!XSPEC12>setpl ylog on
#
!XSPEC12>setplot ylog on
#
!XSPEC12>setpl energy
#
!XSPEC12>setplot energy
#
!XSPEC12>plot data resid
#
!XSPEC12>iplot
#
!XSPEC12>cpd AGN_plus_TBabs_gdem_S.ps/cps
#
!XSPEC12>notice all
# 60000 channels (1,60000) noticed in spectrum #     1
#
#All channels noticed
#Fit statistic  : C-Statistic                39544.64     using 60000 bins.
#
#Test statistic : Chi-Squared                15040.26     using 60000 bins.
#
#***Warning: Chi-square may not be valid due to bins with zero variance
#            in spectrum number(s): 1 
#
# Null hypothesis probability of 1.00e+00 with 59997 degrees of freedom
# Current data and model not fit yet.
#
#
!XSPEC12>ignore **: **-2.4 3.0-**
#  4800 channels (1-4800) ignored in spectrum #     1
# 54001 channels (6000-60000) ignored in spectrum #     1
#
#Fit statistic  : C-Statistic                 1255.42     using 1199 bins.
#
#Test statistic : Chi-Squared                 1655.00     using 1199 bins.
#
#***Warning: Chi-square may not be valid due to bins with zero variance
#            in spectrum number(s): 1 
#
# Null hypothesis probability of 2.04e-17 with 1196 degrees of freedom
# Current data and model not fit yet.
#
#
!XSPEC12>freeze agn:3 bvapec1:2 bvapec1:14 bvapec1:10 bvapec1:12 bvapec1:13 bvapec1:15 bvapec1:18
#  parameter agn:3 is already frozen.
#  parameter bvapec1:2 is already frozen.
#  parameter bvapec1:12 is already frozen.
#  parameter bvapec1:13 is already frozen.
#  parameter bvapec1:14 is already frozen.
#  parameter bvapec1:15 is already frozen.
#  parameter bvapec1:18 is already frozen.
#
#Fit statistic  : C-Statistic                 1255.42     using 1199 bins.
#
#Test statistic : Chi-Squared                 1655.00     using 1199 bins.
#
#***Warning: Chi-square may not be valid due to bins with zero variance
#            in spectrum number(s): 1 
#
# Null hypothesis probability of 2.40e-17 with 1197 degrees of freedom
# Current data and model not fit yet.
#
!XSPEC12>thaw bvapec1:11
#
#Fit statistic  : C-Statistic                 1255.42     using 1199 bins.
#
#Test statistic : Chi-Squared                 1655.00     using 1199 bins.
#
#***Warning: Chi-square may not be valid due to bins with zero variance
#            in spectrum number(s): 1 
#
# Null hypothesis probability of 2.04e-17 with 1196 degrees of freedom
# Current data and model not fit yet.
#
!XSPEC12>newpar bvapec1:17 50.
#
#Fit statistic  : C-Statistic                 1293.07     using 1199 bins.
#
#Test statistic : Chi-Squared                 1664.52     using 1199 bins.
#
#***Warning: Chi-square may not be valid due to bins with zero variance
#            in spectrum number(s): 1 
#
# Null hypothesis probability of 5.29e-18 with 1196 degrees of freedom
# Current data and model not fit yet.
#
!XSPEC12>thaw bvapec1:17
#  parameter bvapec1:17 is not frozen.
#
!XSPEC12>fit
# Warning: renorm - no variable model to allow  renormalization
#                                   Parameters
#C-Statistic  |beta|/N    Lvl  bvapec1:11:S bvapec1:16:Re bvapec1:17:Ve
#1271.79      2039.01      -3       1.83915    0.00422888       222.062
#1254.06      1173.93      -4       1.87636    0.00422954       168.307
#1253.86      1557.32      -5       1.89556    0.00422433       166.152
#1253.86      4.81669      -6       1.89562    0.00422432       166.009
#========================================
# Variances and Principal Axes
#         bvapec1:11bvapec1:16bvapec1:17  
# 1.0544E-09|  0.0000  -1.0000   0.0000  
# 2.9672E-03|  1.0000   0.0000  -0.0006  
# 2.0226E+02|  0.0006   0.0000   1.0000  
#----------------------------------------
#
#====================================
#  Covariance Matrix
#        1           2           3   
#   3.043e-03   3.663e-08   1.238e-01
#   3.663e-08   1.060e-09   3.309e-05
#   1.238e-01   3.309e-05   2.023e+02
#------------------------------------
#
#========================================================================
#Model agn:TBabs<1>*powerlaw<2> Source No.: 1   Active/On
#Model Model Component  Parameter  Unit     Value
# par  comp
#   1    1   TBabs      nH         10^22    0.129000     frozen
#   2    2   powerlaw   PhoIndex            2.35000      frozen
#   3    2   powerlaw   norm                4.19528E-03  frozen
#________________________________________________________________________
#
#
#========================================================================
#Model bvapec1:TBabs<1>*bvapec<2> Source No.: 2   Active/On
#Model Model Component  Parameter  Unit     Value
# par  comp
#   1    1   TBabs      nH         10^22    0.129000     frozen
#   2    2   bvapec     kT         keV      1.74777      frozen
#   3    2   bvapec     He                  1.00000      frozen
#   4    2   bvapec     C                   1.00000      frozen
#   5    2   bvapec     N                   1.00000      frozen
#   6    2   bvapec     O                   1.00000      frozen
#   7    2   bvapec     Ne                  1.00000      frozen
#   8    2   bvapec     Mg                  1.00000      frozen
#   9    2   bvapec     Al                  1.00000      frozen
#  10    2   bvapec     Si                  1.98823      frozen
#  11    2   bvapec     S                   1.89562      +/-  5.51627E-02  
#  12    2   bvapec     Ar                  1.65365      frozen
#  13    2   bvapec     Ca                  1.98833      frozen
#  14    2   bvapec     Fe                  1.49202      frozen
#  15    2   bvapec     Ni                  4.37536      frozen
#  16    2   bvapec     Redshift            4.22432E-03  +/-  3.25562E-05  
#  17    2   bvapec     Velocity   km/s     166.009      +/-  14.2217      
#  18    2   bvapec     norm                3.15796E-02  frozen
#________________________________________________________________________
#
#
#Fit statistic  : C-Statistic                 1253.86     using 1199 bins.
#
#Test statistic : Chi-Squared                 1664.52     using 1199 bins.
#
#***Warning: Chi-square may not be valid due to bins with zero variance
#            in spectrum number(s): 1 
#
# Null hypothesis probability of 5.29e-18 with 1196 degrees of freedom
#
!XSPEC12>parallel error 20
#
!XSPEC12>error 1. bvapec1:11,16,17
# Parameter   Confidence Range (1)
#    11      1.84076      1.95136    (-0.0548503,0.0557495)
#    16   0.00419179   0.00425702    (-3.25262e-05,3.27041e-05)
#    17       151.03      180.616    (-14.9693,14.6162)
#
!XSPEC12>save model AGN_plus_TBabs_gdem_S
#
!XSPEC12>setpl rebin 5 10
#
!XSPEC12>setplot rebin 5 10
#
!XSPEC12>setpl xlog on
#
!XSPEC12>setplot xlog on
#
!XSPEC12>setpl ylog on
#
!XSPEC12>setplot ylog on
#
!XSPEC12>setpl energy
#
!XSPEC12>setplot energy
#
!XSPEC12>plot data resid
#
!XSPEC12>iplot
#
!XSPEC12>cpd AGN_plus_TBabs_gdem_Ar.ps/cps
#
!XSPEC12>notice all
# 60000 channels (1,60000) noticed in spectrum #     1
#
#All channels noticed
#Fit statistic  : C-Statistic                39546.43     using 60000 bins.
#
#Test statistic : Chi-Squared                15086.55     using 60000 bins.
#
#***Warning: Chi-square may not be valid due to bins with zero variance
#            in spectrum number(s): 1 
#
# Null hypothesis probability of 1.00e+00 with 59997 degrees of freedom
# Current data and model not fit yet.
#
#
!XSPEC12>ignore **: **-3.0 3.7-**
#  6000 channels (1-6000) ignored in spectrum #     1
# 52601 channels (7400-60000) ignored in spectrum #     1
#
#Fit statistic  : C-Statistic                 1405.86     using 1399 bins.
#
#Test statistic : Chi-Squared                 2147.60     using 1399 bins.
#
#***Warning: Chi-square may not be valid due to bins with zero variance
#            in spectrum number(s): 1 
#
# Null hypothesis probability of 6.46e-35 with 1396 degrees of freedom
# Current data and model not fit yet.
#
#
!XSPEC12>freeze agn:3 bvapec1:2 bvapec1:14 bvapec1:10 bvapec1:11 bvapec1:13 bvapec1:15 bvapec1:18
#  parameter agn:3 is already frozen.
#  parameter bvapec1:2 is already frozen.
#  parameter bvapec1:10 is already frozen.
#  parameter bvapec1:13 is already frozen.
#  parameter bvapec1:14 is already frozen.
#  parameter bvapec1:15 is already frozen.
#  parameter bvapec1:18 is already frozen.
#
#Fit statistic  : C-Statistic                 1405.86     using 1399 bins.
#
#Test statistic : Chi-Squared                 2147.60     using 1399 bins.
#
#***Warning: Chi-square may not be valid due to bins with zero variance
#            in spectrum number(s): 1 
#
# Null hypothesis probability of 8.03e-35 with 1397 degrees of freedom
# Current data and model not fit yet.
#
!XSPEC12>thaw bvapec1:12
#
#Fit statistic  : C-Statistic                 1405.86     using 1399 bins.
#
#Test statistic : Chi-Squared                 2147.60     using 1399 bins.
#
#***Warning: Chi-square may not be valid due to bins with zero variance
#            in spectrum number(s): 1 
#
# Null hypothesis probability of 6.46e-35 with 1396 degrees of freedom
# Current data and model not fit yet.
#
!XSPEC12>newpar bvapec1:17 50.
#
#Fit statistic  : C-Statistic                 1437.56     using 1399 bins.
#
#Test statistic : Chi-Squared                 2160.09     using 1399 bins.
#
#***Warning: Chi-square may not be valid due to bins with zero variance
#            in spectrum number(s): 1 
#
# Null hypothesis probability of 7.07e-36 with 1396 degrees of freedom
# Current data and model not fit yet.
#
!XSPEC12>thaw bvapec1:17
#  parameter bvapec1:17 is not frozen.
#
!XSPEC12>fit
# Warning: renorm - no variable model to allow  renormalization
#                                   Parameters
#C-Statistic  |beta|/N    Lvl bvapec1:12:Ar bvapec1:16:Re bvapec1:17:Ve
#1418.67      12763.8      -3       1.56568    0.00420205       225.756
#1404.87      1807.8       -4       1.63548    0.00418481       164.924
#1404.75      1097.64      -5       1.66240    0.00417830       165.832
#1404.75      25.5169      -6       1.66297    0.00417815       165.845
#========================================
# Variances and Principal Axes
#         bvapec1:12bvapec1:16bvapec1:17  
# 1.9277E-09|  0.0000   1.0000  -0.0000  
# 7.1939E-03|  1.0000  -0.0000  -0.0010  
# 3.4246E+02| -0.0010  -0.0000  -1.0000  
#----------------------------------------
#
#====================================
#  Covariance Matrix
#        1           2           3   
#   7.551e-03  -4.697e-08   3.499e-01
#  -4.697e-08   1.930e-09   2.120e-05
#   3.499e-01   2.120e-05   3.425e+02
#------------------------------------
#
#========================================================================
#Model agn:TBabs<1>*powerlaw<2> Source No.: 1   Active/On
#Model Model Component  Parameter  Unit     Value
# par  comp
#   1    1   TBabs      nH         10^22    0.129000     frozen
#   2    2   powerlaw   PhoIndex            2.35000      frozen
#   3    2   powerlaw   norm                4.19528E-03  frozen
#________________________________________________________________________
#
#
#========================================================================
#Model bvapec1:TBabs<1>*bvapec<2> Source No.: 2   Active/On
#Model Model Component  Parameter  Unit     Value
# par  comp
#   1    1   TBabs      nH         10^22    0.129000     frozen
#   2    2   bvapec     kT         keV      1.74777      frozen
#   3    2   bvapec     He                  1.00000      frozen
#   4    2   bvapec     C                   1.00000      frozen
#   5    2   bvapec     N                   1.00000      frozen
#   6    2   bvapec     O                   1.00000      frozen
#   7    2   bvapec     Ne                  1.00000      frozen
#   8    2   bvapec     Mg                  1.00000      frozen
#   9    2   bvapec     Al                  1.00000      frozen
#  10    2   bvapec     Si                  1.98823      frozen
#  11    2   bvapec     S                   1.89562      frozen
#  12    2   bvapec     Ar                  1.66297      +/-  8.68987E-02  
#  13    2   bvapec     Ca                  1.98833      frozen
#  14    2   bvapec     Fe                  1.49202      frozen
#  15    2   bvapec     Ni                  4.37536      frozen
#  16    2   bvapec     Redshift            4.17815E-03  +/-  4.39276E-05  
#  17    2   bvapec     Velocity   km/s     165.845      +/-  18.5057      
#  18    2   bvapec     norm                3.15796E-02  frozen
#________________________________________________________________________
#
#
#Fit statistic  : C-Statistic                 1404.75     using 1399 bins.
#
#Test statistic : Chi-Squared                 2147.85     using 1399 bins.
#
#***Warning: Chi-square may not be valid due to bins with zero variance
#            in spectrum number(s): 1 
#
# Null hypothesis probability of 6.18e-35 with 1396 degrees of freedom
#
!XSPEC12>parallel error 20
#
!XSPEC12>error 1. bvapec1:12,16,17
# Parameter   Confidence Range (1)
#    12      1.57673      1.75114    (-0.0862338,0.0881711)
#    16   0.00413425   0.00422227    (-4.38943e-05,4.41185e-05)
#    17      147.449      184.158    (-18.3958,18.3134)
#
!XSPEC12>save model AGN_plus_TBabs_gdem_Ar
#
!XSPEC12>setpl rebin 5 10
#
!XSPEC12>setplot rebin 5 10
#
!XSPEC12>setpl xlog on
#
!XSPEC12>setplot xlog on
#
!XSPEC12>setpl ylog on
#
!XSPEC12>setplot ylog on
#
!XSPEC12>setpl energy
#
!XSPEC12>setplot energy
#
!XSPEC12>plot data resid
#
!XSPEC12>iplot
#
!XSPEC12>cpd AGN_plus_TBabs_gdem_Ca.ps/cps
#
!XSPEC12>notice all
# 60000 channels (1,60000) noticed in spectrum #     1
#
#All channels noticed
#Fit statistic  : C-Statistic                39559.17     using 60000 bins.
#
#Test statistic : Chi-Squared                15106.75     using 60000 bins.
#
#***Warning: Chi-square may not be valid due to bins with zero variance
#            in spectrum number(s): 1 
#
# Null hypothesis probability of 1.00e+00 with 59997 degrees of freedom
# Current data and model not fit yet.
#
#
!XSPEC12>ignore **: **-3.7 4.7-**
#  7400 channels (1-7400) ignored in spectrum #     1
# 50600 channels (9401-60000) ignored in spectrum #     1
#
#Fit statistic  : C-Statistic                 2215.82     using 2000 bins.
#
#Test statistic : Chi-Squared                 3015.23     using 2000 bins.
#
#***Warning: Chi-square may not be valid due to bins with zero variance
#            in spectrum number(s): 1 
#
# Null hypothesis probability of 9.11e-45 with 1997 degrees of freedom
# Current data and model not fit yet.
#
#
!XSPEC12>freeze agn:3 bvapec1:2 bvapec1:14 bvapec1:10 bvapec1:11 bvapec1:12 bvapec1:15 bvapec1:18
#  parameter agn:3 is already frozen.
#  parameter bvapec1:2 is already frozen.
#  parameter bvapec1:10 is already frozen.
#  parameter bvapec1:11 is already frozen.
#  parameter bvapec1:14 is already frozen.
#  parameter bvapec1:15 is already frozen.
#  parameter bvapec1:18 is already frozen.
#
#Fit statistic  : C-Statistic                 2215.82     using 2000 bins.
#
#Test statistic : Chi-Squared                 3015.23     using 2000 bins.
#
#***Warning: Chi-square may not be valid due to bins with zero variance
#            in spectrum number(s): 1 
#
# Null hypothesis probability of 1.12e-44 with 1998 degrees of freedom
# Current data and model not fit yet.
#
!XSPEC12>thaw bvapec1:13
#
#Fit statistic  : C-Statistic                 2215.82     using 2000 bins.
#
#Test statistic : Chi-Squared                 3015.23     using 2000 bins.
#
#***Warning: Chi-square may not be valid due to bins with zero variance
#            in spectrum number(s): 1 
#
# Null hypothesis probability of 9.11e-45 with 1997 degrees of freedom
# Current data and model not fit yet.
#
!XSPEC12>newpar bvapec1:17 50.
#
#Fit statistic  : C-Statistic                 2224.30     using 2000 bins.
#
#Test statistic : Chi-Squared                 2981.47     using 2000 bins.
#
#***Warning: Chi-square may not be valid due to bins with zero variance
#            in spectrum number(s): 1 
#
# Null hypothesis probability of 2.65e-42 with 1997 degrees of freedom
# Current data and model not fit yet.
#
!XSPEC12>thaw bvapec1:17
#  parameter bvapec1:17 is not frozen.
#
!XSPEC12>fit
# Warning: renorm - no variable model to allow  renormalization
#                                   Parameters
#C-Statistic  |beta|/N    Lvl bvapec1:13:Ca bvapec1:16:Re bvapec1:17:Ve
#2205.39      26394.8      -3       1.84973    0.00429117       134.576
#2203.34      5830.67      -4       1.93300    0.00433699       125.228
#2203.32      433.443      -5       1.93965    0.00433385       123.944
#2203.32      21.4159      -6       1.93938    0.00433367       123.637
#========================================
# Variances and Principal Axes
#         bvapec1:13bvapec1:16bvapec1:17  
# 2.3453E-09|  0.0000  -1.0000   0.0000  
# 1.0156E-02|  1.0000   0.0000  -0.0012  
# 4.2438E+02|  0.0012   0.0000   1.0000  
#----------------------------------------
#
#====================================
#  Covariance Matrix
#        1           2           3   
#   1.080e-02   7.400e-08   5.239e-01
#   7.400e-08   2.348e-09   3.049e-05
#   5.239e-01   3.049e-05   4.244e+02
#------------------------------------
#
#========================================================================
#Model agn:TBabs<1>*powerlaw<2> Source No.: 1   Active/On
#Model Model Component  Parameter  Unit     Value
# par  comp
#   1    1   TBabs      nH         10^22    0.129000     frozen
#   2    2   powerlaw   PhoIndex            2.35000      frozen
#   3    2   powerlaw   norm                4.19528E-03  frozen
#________________________________________________________________________
#
#
#========================================================================
#Model bvapec1:TBabs<1>*bvapec<2> Source No.: 2   Active/On
#Model Model Component  Parameter  Unit     Value
# par  comp
#   1    1   TBabs      nH         10^22    0.129000     frozen
#   2    2   bvapec     kT         keV      1.74777      frozen
#   3    2   bvapec     He                  1.00000      frozen
#   4    2   bvapec     C                   1.00000      frozen
#   5    2   bvapec     N                   1.00000      frozen
#   6    2   bvapec     O                   1.00000      frozen
#   7    2   bvapec     Ne                  1.00000      frozen
#   8    2   bvapec     Mg                  1.00000      frozen
#   9    2   bvapec     Al                  1.00000      frozen
#  10    2   bvapec     Si                  1.98823      frozen
#  11    2   bvapec     S                   1.89562      frozen
#  12    2   bvapec     Ar                  1.66297      frozen
#  13    2   bvapec     Ca                  1.93938      +/-  0.103937     
#  14    2   bvapec     Fe                  1.49202      frozen
#  15    2   bvapec     Ni                  4.37536      frozen
#  16    2   bvapec     Redshift            4.33367E-03  +/-  4.84520E-05  
#  17    2   bvapec     Velocity   km/s     123.637      +/-  20.6005      
#  18    2   bvapec     norm                3.15796E-02  frozen
#________________________________________________________________________
#
#
#Fit statistic  : C-Statistic                 2203.32     using 2000 bins.
#
#Test statistic : Chi-Squared                 2968.44     using 2000 bins.
#
#***Warning: Chi-square may not be valid due to bins with zero variance
#            in spectrum number(s): 1 
#
# Null hypothesis probability of 2.28e-41 with 1997 degrees of freedom
#
!XSPEC12>parallel error 20
#
!XSPEC12>error 1. bvapec1:13,16,17
# Parameter   Confidence Range (1)
#    13      1.83638      2.04486    (-0.102954,0.105535)
#    16   0.00428518   0.00438244    (-4.84493e-05,4.88097e-05)
#    17       100.62      146.048    (-22.9623,22.4657)
#
!XSPEC12>save model AGN_plus_TBabs_gdem_Ca
#
!XSPEC12>setpl rebin 5 10
#
!XSPEC12>setplot rebin 5 10
#
!XSPEC12>setpl xlog on
#
!XSPEC12>setplot xlog on
#
!XSPEC12>setpl ylog on
#
!XSPEC12>setplot ylog on
#
!XSPEC12>setpl energy
#
!XSPEC12>setplot energy
#
!XSPEC12>plot data resid
#
!XSPEC12>iplot
#
!XSPEC12>cpd AGN_plus_TBabs_gdem_Ni.ps/cps
#
!XSPEC12>notice all
# 60000 channels (1,60000) noticed in spectrum #     1
#
#All channels noticed
#Fit statistic  : C-Statistic                39571.14     using 60000 bins.
#
#Test statistic : Chi-Squared                15039.84     using 60000 bins.
#
#***Warning: Chi-square may not be valid due to bins with zero variance
#            in spectrum number(s): 1 
#
# Null hypothesis probability of 1.00e+00 with 59997 degrees of freedom
# Current data and model not fit yet.
#
#
!XSPEC12>ignore **: **-7.4 8.2-**
# 14800 channels (1-14800) ignored in spectrum #     1
# 43600 channels (16401-60000) ignored in spectrum #     1
#
#Fit statistic  : C-Statistic                 1583.88     using 1600 bins.
#
#Test statistic : Chi-Squared                  566.53     using 1600 bins.
#
#***Warning: Chi-square may not be valid due to bins with zero variance
#            in spectrum number(s): 1 
#
# Null hypothesis probability of 1.00e+00 with 1597 degrees of freedom
# Current data and model not fit yet.
#
#
!XSPEC12>freeze agn:3 bvapec1:2 bvapec1:14 bvapec1:10 bvapec1:11 bvapec1:12 bvapec1:13 bvapec1:18
#  parameter agn:3 is already frozen.
#  parameter bvapec1:2 is already frozen.
#  parameter bvapec1:10 is already frozen.
#  parameter bvapec1:11 is already frozen.
#  parameter bvapec1:12 is already frozen.
#  parameter bvapec1:14 is already frozen.
#  parameter bvapec1:18 is already frozen.
#
#Fit statistic  : C-Statistic                 1583.88     using 1600 bins.
#
#Test statistic : Chi-Squared                  566.53     using 1600 bins.
#
#***Warning: Chi-square may not be valid due to bins with zero variance
#            in spectrum number(s): 1 
#
# Null hypothesis probability of 1.00e+00 with 1598 degrees of freedom
# Current data and model not fit yet.
#
!XSPEC12>thaw bvapec1:15
#
#Fit statistic  : C-Statistic                 1583.88     using 1600 bins.
#
#Test statistic : Chi-Squared                  566.53     using 1600 bins.
#
#***Warning: Chi-square may not be valid due to bins with zero variance
#            in spectrum number(s): 1 
#
# Null hypothesis probability of 1.00e+00 with 1597 degrees of freedom
# Current data and model not fit yet.
#
!XSPEC12>newpar bvapec1:17 50.
#
#Fit statistic  : C-Statistic                 1590.57     using 1600 bins.
#
#Test statistic : Chi-Squared                  571.88     using 1600 bins.
#
#***Warning: Chi-square may not be valid due to bins with zero variance
#            in spectrum number(s): 1 
#
# Null hypothesis probability of 1.00e+00 with 1597 degrees of freedom
# Current data and model not fit yet.
#
!XSPEC12>thaw bvapec1:17
#  parameter bvapec1:17 is not frozen.
#
!XSPEC12>fit
# Warning: renorm - no variable model to allow  renormalization
#                                   Parameters
#C-Statistic  |beta|/N    Lvl bvapec1:15:Ni bvapec1:16:Re bvapec1:17:Ve
#1582.54      4561.15      -3       3.85949    0.00438797       147.267
#1581.39      2392.72      -4       4.13995    0.00451127       150.144
#1581.34      472.71       -5       4.14684    0.00453506       149.083
#1581.34      86.0767      -6       4.14567    0.00453941       149.897
#========================================
# Variances and Principal Axes
#         bvapec1:15bvapec1:16bvapec1:17  
# 1.6658E-08| -0.0000  -1.0000   0.0000  
# 9.7394E-01|  1.0000  -0.0000  -0.0009  
# 2.4233E+03|  0.0009   0.0000   1.0000  
#----------------------------------------
#
#====================================
#  Covariance Matrix
#        1           2           3   
#   9.760e-01   4.715e-09   2.249e+00
#   4.715e-09   1.667e-08   1.446e-04
#   2.249e+00   1.446e-04   2.423e+03
#------------------------------------
#
#========================================================================
#Model agn:TBabs<1>*powerlaw<2> Source No.: 1   Active/On
#Model Model Component  Parameter  Unit     Value
# par  comp
#   1    1   TBabs      nH         10^22    0.129000     frozen
#   2    2   powerlaw   PhoIndex            2.35000      frozen
#   3    2   powerlaw   norm                4.19528E-03  frozen
#________________________________________________________________________
#
#
#========================================================================
#Model bvapec1:TBabs<1>*bvapec<2> Source No.: 2   Active/On
#Model Model Component  Parameter  Unit     Value
# par  comp
#   1    1   TBabs      nH         10^22    0.129000     frozen
#   2    2   bvapec     kT         keV      1.74777      frozen
#   3    2   bvapec     He                  1.00000      frozen
#   4    2   bvapec     C                   1.00000      frozen
#   5    2   bvapec     N                   1.00000      frozen
#   6    2   bvapec     O                   1.00000      frozen
#   7    2   bvapec     Ne                  1.00000      frozen
#   8    2   bvapec     Mg                  1.00000      frozen
#   9    2   bvapec     Al                  1.00000      frozen
#  10    2   bvapec     Si                  1.98823      frozen
#  11    2   bvapec     S                   1.89562      frozen
#  12    2   bvapec     Ar                  1.66297      frozen
#  13    2   bvapec     Ca                  1.93938      frozen
#  14    2   bvapec     Fe                  1.49202      frozen
#  15    2   bvapec     Ni                  4.14567      +/-  0.987940     
#  16    2   bvapec     Redshift            4.53941E-03  +/-  1.29101E-04  
#  17    2   bvapec     Velocity   km/s     149.897      +/-  49.2272      
#  18    2   bvapec     norm                3.15796E-02  frozen
#________________________________________________________________________
#
#
#Fit statistic  : C-Statistic                 1581.34     using 1600 bins.
#
#Test statistic : Chi-Squared                  562.52     using 1600 bins.
#
#***Warning: Chi-square may not be valid due to bins with zero variance
#            in spectrum number(s): 1 
#
# Null hypothesis probability of 1.00e+00 with 1597 degrees of freedom
#
!XSPEC12>parallel error 20
#
!XSPEC12>error 1. bvapec1:15,16,17
# Parameter   Confidence Range (1)
#    15      3.18044      5.17568    (-0.967147,1.02809)
#    16   0.00439606   0.00468687    (-0.000144416,0.000146396)
#    17        106.8      200.824    (-43.1023,50.9212)
#
!XSPEC12>save model AGN_plus_TBabs_gdem_Ni
#
!XSPEC12>setpl rebin 5 10
#
!XSPEC12>setplot rebin 5 10
#
!XSPEC12>setpl xlog on
#
!XSPEC12>setplot xlog on
#
!XSPEC12>setpl ylog on
#
!XSPEC12>setplot ylog on
#
!XSPEC12>setpl energy
#
!XSPEC12>setplot energy
#
!XSPEC12>plot data resid
#
!XSPEC12>iplot
#
!XSPEC12> quit
# XSPEC: quit
#