#XSPEC version: 12.13.0
#Build Date/Time: Tue Nov 22 21:01:32 2022
#
!XSPEC12>fit
#                                   Parameters
#C-Statistic  |beta|/N    Lvl    agn:3:norm  bvapec1:2:kT bvapec1:10:Si  bvapec1:11:S bvapec1:12:Ar bvapec1:13:Ca bvapec1:14:Fe bvapec1:15:Ni bvapec1:16:Re bvapec1:17:Ve bvapec1:18:no
#15408.3      6673.1       -3    0.00164805       1.87029      0.787233      0.764351      0.773710      0.879824      0.762683       1.02605    0.00429605       104.499     0.0142449
#15168.8      3705.11      -4    0.00154803       1.82566       1.14835       1.06858       1.01879       1.26639       1.07386       2.09215    0.00429237       88.0139     0.0140422
#15145.9      2006.05      -5    0.00151007       1.84006       1.36109       1.21872       1.07901       1.38927       1.18129       2.38138    0.00429423       79.3121     0.0137252
#15145.4      358.152      -6    0.00148372       1.85195       1.40328       1.24096       1.08290       1.39070       1.17457       2.31820    0.00429380       76.5130     0.0136926
#15145.4      99.999       -7    0.00149162       1.84840       1.39958       1.23737       1.08606       1.39426       1.18323       2.33869    0.00429281       75.4976     0.0136920
#15145.4      1.29612      -8    0.00148812       1.84999       1.40088       1.23828       1.08480       1.39167       1.17981       2.33130    0.00429290       75.2281     0.0136930
#==========================================================================================
# Variances and Principal Axes
#             agn:3bvapec1:2bvapec1:10bvapec1:11bvapec1:12bvapec1:13bvapec1:14bvapec1:15bvapec1:16bvapec1:17bvapec1:18  
# 4.7376E-10|  0.0044   0.0001  -0.0000   0.0000  -0.0000  -0.0000   0.0000   0.0000  -1.0000   0.0000   0.0015  
# 1.3192E-09|  0.9787   0.0025   0.0001   0.0001   0.0001   0.0000   0.0002   0.0000   0.0046   0.0000   0.2053  
# 6.1086E-08| -0.2053   0.0043   0.0009   0.0020   0.0008   0.0006   0.0027   0.0000   0.0006  -0.0000   0.9787  
# 3.2801E-04| -0.0014   0.9502  -0.0514  -0.1179  -0.0114   0.0095   0.2835   0.0028   0.0001  -0.0001  -0.0050  
# 4.4344E-03| -0.0002  -0.0456   0.2634  -0.9249   0.1561   0.1246  -0.1820   0.0006  -0.0000   0.0001   0.0022  
# 5.5323E-03|  0.0006  -0.2615   0.1928  -0.1849  -0.3249  -0.2551   0.8304  -0.0124  -0.0000   0.0004  -0.0004  
# 8.8703E-03| -0.0002   0.0689   0.1968   0.0069  -0.8635   0.3914  -0.2400   0.0067   0.0000   0.0003   0.0006  
# 1.3823E-02| -0.0003   0.1472   0.7173   0.1670  -0.0190  -0.6000  -0.2745   0.0163   0.0000  -0.0001  -0.0006  
# 2.0977E-02|  0.0003  -0.0134   0.5810   0.2617   0.3519   0.6371   0.2523  -0.0166  -0.0000  -0.0012  -0.0023  
# 7.0878E-01|  0.0000  -0.0090  -0.0009   0.0002   0.0078   0.0145   0.0199   0.9996  -0.0000  -0.0020  -0.0000  
# 1.2052E+02| -0.0000   0.0002   0.0006   0.0005   0.0008   0.0007   0.0001   0.0020   0.0000   1.0000  -0.0000  
#------------------------------------------------------------------------------------------
#
#====================================================================================================================================
#  Covariance Matrix
#        1           2           3           4           5           6           7           8           9          10          11   
#   1.044e-08  -2.172e-06   6.543e-07   1.343e-06   3.050e-06   4.780e-06   6.148e-06   9.041e-06  -1.964e-10  -5.749e-05  -2.703e-08
#  -2.172e-06   1.090e-03   1.086e-03   6.973e-04  -2.636e-04  -8.902e-04  -1.976e-03  -6.254e-03   9.716e-08   2.163e-02  -1.337e-06
#   6.543e-07   1.086e-03   1.510e-02   3.619e-03   2.481e-03   2.419e-03   5.984e-04  -5.634e-04   7.077e-08   7.404e-02  -3.053e-05
#   1.343e-06   6.973e-04   3.619e-03   5.840e-03   1.575e-03   1.933e-03   6.335e-04   2.240e-04   7.644e-08   5.979e-02  -2.232e-05
#   3.050e-06  -2.636e-04   2.481e-03   1.575e-03   1.002e-02   2.558e-03   2.275e-03   5.585e-03  -2.220e-08   9.276e-02  -1.985e-05
#   4.780e-06  -8.902e-04   2.419e-03   1.933e-03   2.558e-03   1.549e-02   3.759e-03   1.013e-02  -1.490e-07   8.978e-02  -2.301e-05
#   6.148e-06  -1.976e-03   5.984e-04   6.335e-04   2.275e-03   3.759e-03   7.157e-03   1.387e-02  -1.220e-07   1.413e-02  -1.591e-05
#   9.041e-06  -6.254e-03  -5.634e-04   2.240e-04   5.585e-03   1.013e-02   1.387e-02   7.087e-01  -3.158e-07   2.374e-01  -3.308e-05
#  -1.964e-10   9.716e-08   7.077e-08   7.644e-08  -2.220e-08  -1.490e-07  -1.220e-07  -3.158e-07   4.889e-10   2.537e-05  -1.557e-10
#  -5.749e-05   2.163e-02   7.404e-02   5.979e-02   9.276e-02   8.978e-02   1.413e-02   2.374e-01   2.537e-05   1.205e+02  -2.244e-04
#  -2.703e-08  -1.337e-06  -3.053e-05  -2.232e-05  -1.985e-05  -2.301e-05  -1.591e-05  -3.308e-05  -1.557e-10  -2.244e-04   2.094e-07
#------------------------------------------------------------------------------------------------------------------------------------
#
#========================================================================
#Model agn:TBabs<1>*powerlaw<2> Source No.: 1   Active/On
#Model Model Component  Parameter  Unit     Value
# par  comp
#   1    1   TBabs      nH         10^22    0.129000     frozen
#   2    2   powerlaw   PhoIndex            2.35000      frozen
#   3    2   powerlaw   norm                1.48812E-03  +/-  1.02161E-04  
#________________________________________________________________________
#
#
#========================================================================
#Model bvapec1:TBabs<1>*bvapec<2> Source No.: 2   Active/On
#Model Model Component  Parameter  Unit     Value
# par  comp
#   1    1   TBabs      nH         10^22    0.129000     frozen
#   2    2   bvapec     kT         keV      1.84999      +/-  3.30127E-02  
#   3    2   bvapec     He                  1.00000      frozen
#   4    2   bvapec     C                   1.00000      frozen
#   5    2   bvapec     N                   1.00000      frozen
#   6    2   bvapec     O                   1.00000      frozen
#   7    2   bvapec     Ne                  1.00000      frozen
#   8    2   bvapec     Mg                  1.00000      frozen
#   9    2   bvapec     Al                  1.00000      frozen
#  10    2   bvapec     Si                  1.40088      +/-  0.122871     
#  11    2   bvapec     S                   1.23828      +/-  7.64185E-02  
#  12    2   bvapec     Ar                  1.08480      +/-  0.100122     
#  13    2   bvapec     Ca                  1.39167      +/-  0.124478     
#  14    2   bvapec     Fe                  1.17981      +/-  8.45988E-02  
#  15    2   bvapec     Ni                  2.33130      +/-  0.841861     
#  16    2   bvapec     Redshift            4.29290E-03  +/-  2.21117E-05  
#  17    2   bvapec     Velocity   km/s     75.2281      +/-  10.9783      
#  18    2   bvapec     norm                1.36930E-02  +/-  4.57557E-04  
#________________________________________________________________________
#
#
#Fit statistic  : C-Statistic                15145.42     using 16599 bins.
#
#Test statistic : Chi-Squared                 8648.46     using 16599 bins.
#
#***Warning: Chi-square may not be valid due to bins with zero variance
#            in spectrum number(s): 1 
#
# Null hypothesis probability of 1.00e+00 with 16588 degrees of freedom
#
!XSPEC12>parallel leven 1
#
!XSPEC12>parallel error 20
#
!XSPEC12>error 1. agn:3
# Parameter   Confidence Range (1)
#     3   0.00139331   0.00158286    (-9.60996e-05,9.34422e-05)
#
!XSPEC12>error 1. bvapec1:2,10-18
# Parameter   Confidence Range (1)
#     2      1.82147      1.87867    (-0.0281734,0.029025)
#    10      1.28273      1.52634    (-0.117657,0.125949)
#    11      1.16438      1.31553    (-0.0734912,0.0776567)
#    12      0.98815      1.18753    (-0.0969087,0.102469)
#    13      1.27244      1.51874    (-0.119502,0.126798)
#    14      1.10761      1.25901    (-0.0729985,0.0783991)
#    15      1.54758      3.21817    (-0.785627,0.884961)
#    16   0.00427084   0.00431486    (-2.19357e-05,2.20836e-05)
#    17      61.8821      88.0914    (-13.2198,12.9895)
#    18    0.0132341     0.014152    (-0.000459096,0.00045884)
#
!XSPEC12>parallel error 1
#
!XSPEC12>save model AGN_plus_TBabs_gdem
#
!XSPEC12>tclreadline::readline eofchar ""
#
!XSPEC12>tclreadline::readline read {AGN_plus_TBabs_gdem.xcm exists. Replace? (y/n) }
#
!XSPEC12>tclreadline::readline eofchar "puts {}; exit"
#
!XSPEC12>show par
#
#Parameters defined:
#========================================================================
#Model agn:TBabs<1>*powerlaw<2> Source No.: 1   Active/On
#Model Model Component  Parameter  Unit     Value
# par  comp
#   1    1   TBabs      nH         10^22    0.129000     frozen
#   2    2   powerlaw   PhoIndex            2.35000      frozen
#   3    2   powerlaw   norm                1.48941E-03  +/-  1.02161E-04  
#________________________________________________________________________
#
#========================================================================
#Model bvapec1:TBabs<1>*bvapec<2> Source No.: 2   Active/On
#Model Model Component  Parameter  Unit     Value
# par  comp
#   1    1   TBabs      nH         10^22    0.129000     frozen
#   2    2   bvapec     kT         keV      1.84940      +/-  3.30127E-02  
#   3    2   bvapec     He                  1.00000      frozen
#   4    2   bvapec     C                   1.00000      frozen
#   5    2   bvapec     N                   1.00000      frozen
#   6    2   bvapec     O                   1.00000      frozen
#   7    2   bvapec     Ne                  1.00000      frozen
#   8    2   bvapec     Mg                  1.00000      frozen
#   9    2   bvapec     Al                  1.00000      frozen
#  10    2   bvapec     Si                  1.40018      +/-  0.122871     
#  11    2   bvapec     S                   1.23771      +/-  7.64185E-02  
#  12    2   bvapec     Ar                  1.08525      +/-  0.100122     
#  13    2   bvapec     Ca                  1.39231      +/-  0.124478     
#  14    2   bvapec     Fe                  1.18113      +/-  8.45988E-02  
#  15    2   bvapec     Ni                  2.33432      +/-  0.841861     
#  16    2   bvapec     Redshift            4.29276E-03  +/-  2.21117E-05  
#  17    2   bvapec     Velocity   km/s     75.1253      +/-  10.9783      
#  18    2   bvapec     norm                1.36931E-02  +/-  4.57557E-04  
#________________________________________________________________________
#
#
!XSPEC12>setpl rebin 5 10
#
!XSPEC12>setplot rebin 5 10
#
!XSPEC12>setpl xlog on
#
!XSPEC12>setplot xlog on
#
!XSPEC12>setpl ylog on
#
!XSPEC12>setplot ylog on
#
!XSPEC12>setpl energy
#
!XSPEC12>setplot energy
#
!XSPEC12>plot data resid
#
!XSPEC12>iplot
#
!XSPEC12>cpd AGN_plus_TBabs_gdem_Fe.ps/cps
#
!XSPEC12>notice all
# 60000 channels (1,60000) noticed in spectrum #     1
#
#All channels noticed
#Fit statistic  : C-Statistic                43135.74     using 60000 bins.
#
#Test statistic : Chi-Squared                10482.73     using 60000 bins.
#
#***Warning: Chi-square may not be valid due to bins with zero variance
#            in spectrum number(s): 1 
#
# Null hypothesis probability of 1.00e+00 with 59989 degrees of freedom
# Current data and model not fit yet.
#
#
!XSPEC12>ignore **: **-6. 7.-**
# 12000 channels (1-12000) ignored in spectrum #     1
# 46001 channels (14000-60000) ignored in spectrum #     1
#
#Fit statistic  : C-Statistic                 2026.67     using 1999 bins.
#
#Test statistic : Chi-Squared                  939.16     using 1999 bins.
#
#***Warning: Chi-square may not be valid due to bins with zero variance
#            in spectrum number(s): 1 
#
# Null hypothesis probability of 1.00e+00 with 1988 degrees of freedom
# Current data and model not fit yet.
#
#
!XSPEC12>freeze agn:3 bvapec1:10 bvapec1:11 bvapec1:12 bvapec1:13 bvapec1:15 bvapec1:18
#
#Fit statistic  : C-Statistic                 2026.67     using 1999 bins.
#
#Test statistic : Chi-Squared                  939.16     using 1999 bins.
#
#***Warning: Chi-square may not be valid due to bins with zero variance
#            in spectrum number(s): 1 
#
# Null hypothesis probability of 1.00e+00 with 1995 degrees of freedom
# Current data and model not fit yet.
#
!XSPEC12>newpar bvapec1:17 50.
#
#Fit statistic  : C-Statistic                 2026.84     using 1999 bins.
#
#Test statistic : Chi-Squared                  937.03     using 1999 bins.
#
#***Warning: Chi-square may not be valid due to bins with zero variance
#            in spectrum number(s): 1 
#
# Null hypothesis probability of 1.00e+00 with 1995 degrees of freedom
# Current data and model not fit yet.
#
!XSPEC12>thaw bvapec1:17
#  parameter bvapec1:17 is not frozen.
#
!XSPEC12>fit
# Warning: renorm - no variable model to allow  renormalization
#                                   Parameters
#C-Statistic  |beta|/N    Lvl  bvapec1:2:kT bvapec1:14:Fe bvapec1:16:Re bvapec1:17:Ve
#2020.8       16384.3      -3       1.90462       1.04320    0.00424502       56.3530
#2020.42      2130.39      -4       1.89578       1.07864    0.00423673       57.7583
#2020.41      123.86       -5       1.89892       1.07364    0.00423678       58.4760
#==================================================
# Variances and Principal Axes
#         bvapec1:2bvapec1:14bvapec1:16bvapec1:17  
# 9.7350E-10|  0.0001   0.0000  -1.0000   0.0000  
# 3.4116E-04|  0.9121   0.4100   0.0001  -0.0001  
# 7.8301E-03| -0.4100   0.9121  -0.0000  -0.0001  
# 2.0150E+02|  0.0000  -0.0001  -0.0000  -1.0000  
#--------------------------------------------------
#
#================================================
#  Covariance Matrix
#        1           2           3           4   
#   1.600e-03  -2.801e-03   1.512e-07  -9.414e-05
#  -2.801e-03   6.575e-03  -2.504e-07   2.618e-02
#   1.512e-07  -2.504e-07   1.010e-09   6.738e-05
#  -9.414e-05   2.618e-02   6.738e-05   2.015e+02
#------------------------------------------------
#
#========================================================================
#Model agn:TBabs<1>*powerlaw<2> Source No.: 1   Active/On
#Model Model Component  Parameter  Unit     Value
# par  comp
#   1    1   TBabs      nH         10^22    0.129000     frozen
#   2    2   powerlaw   PhoIndex            2.35000      frozen
#   3    2   powerlaw   norm                1.48941E-03  frozen
#________________________________________________________________________
#
#
#========================================================================
#Model bvapec1:TBabs<1>*bvapec<2> Source No.: 2   Active/On
#Model Model Component  Parameter  Unit     Value
# par  comp
#   1    1   TBabs      nH         10^22    0.129000     frozen
#   2    2   bvapec     kT         keV      1.89892      +/-  4.00015E-02  
#   3    2   bvapec     He                  1.00000      frozen
#   4    2   bvapec     C                   1.00000      frozen
#   5    2   bvapec     N                   1.00000      frozen
#   6    2   bvapec     O                   1.00000      frozen
#   7    2   bvapec     Ne                  1.00000      frozen
#   8    2   bvapec     Mg                  1.00000      frozen
#   9    2   bvapec     Al                  1.00000      frozen
#  10    2   bvapec     Si                  1.40018      frozen
#  11    2   bvapec     S                   1.23771      frozen
#  12    2   bvapec     Ar                  1.08525      frozen
#  13    2   bvapec     Ca                  1.39231      frozen
#  14    2   bvapec     Fe                  1.07364      +/-  8.10836E-02  
#  15    2   bvapec     Ni                  2.33432      frozen
#  16    2   bvapec     Redshift            4.23678E-03  +/-  3.17857E-05  
#  17    2   bvapec     Velocity   km/s     58.4760      +/-  14.1952      
#  18    2   bvapec     norm                1.36931E-02  frozen
#________________________________________________________________________
#
#
#Fit statistic  : C-Statistic                 2020.41     using 1999 bins.
#
#Test statistic : Chi-Squared                  917.43     using 1999 bins.
#
#***Warning: Chi-square may not be valid due to bins with zero variance
#            in spectrum number(s): 1 
#
# Null hypothesis probability of 1.00e+00 with 1995 degrees of freedom
#
!XSPEC12>parallel error 20
#
!XSPEC12>error 1. bvapec1:14,16,17
# Parameter   Confidence Range (1)
#    14      1.00267      1.15085    (-0.0723747,0.0758012)
#    16   0.00420481   0.00426826    (-3.16809e-05,3.17658e-05)
#    17      42.3037      73.7426    (-16.2578,15.1811)
#
!XSPEC12>save model AGN_plus_TBabs_gdem_Fe
#
!XSPEC12>tclreadline::readline eofchar ""
#
!XSPEC12>tclreadline::readline read {AGN_plus_TBabs_gdem_Fe.xcm exists. Replace? (y/n) }
#
!XSPEC12>tclreadline::readline eofchar "puts {}; exit"
#
!XSPEC12>setpl rebin 5 10
#
!XSPEC12>setplot rebin 5 10
#
!XSPEC12>setpl xlog on
#
!XSPEC12>setplot xlog on
#
!XSPEC12>setpl ylog on
#
!XSPEC12>setplot ylog on
#
!XSPEC12>setpl energy
#
!XSPEC12>setplot energy
#
!XSPEC12>plot data resid
#
!XSPEC12>iplot
#
!XSPEC12>cpd AGN_plus_TBabs_gdem_Si.ps/cps
#
!XSPEC12>notice all
# 60000 channels (1,60000) noticed in spectrum #     1
#
#All channels noticed
#Fit statistic  : C-Statistic                43140.34     using 60000 bins.
#
#Test statistic : Chi-Squared                10647.96     using 60000 bins.
#
#***Warning: Chi-square may not be valid due to bins with zero variance
#            in spectrum number(s): 1 
#
# Null hypothesis probability of 1.00e+00 with 59996 degrees of freedom
# Current data and model not fit yet.
#
#
!XSPEC12>ignore **: **-1.8 2.4-**
#  3601 channels (1-3601) ignored in spectrum #     1
# 55201 channels (4800-60000) ignored in spectrum #     1
#
#Fit statistic  : C-Statistic                 1262.01     using 1198 bins.
#
#Test statistic : Chi-Squared                  590.56     using 1198 bins.
#
#***Warning: Chi-square may not be valid due to bins with zero variance
#            in spectrum number(s): 1 
#
# Null hypothesis probability of 1.00e+00 with 1194 degrees of freedom
# Current data and model not fit yet.
#
#
!XSPEC12>freeze agn:3 bvapec1:14 bvapec1:11 bvapec1:12 bvapec1:13 bvapec1:15 bvapec1:18
#  parameter agn:3 is already frozen.
#  parameter bvapec1:11 is already frozen.
#  parameter bvapec1:12 is already frozen.
#  parameter bvapec1:13 is already frozen.
#  parameter bvapec1:15 is already frozen.
#  parameter bvapec1:18 is already frozen.
#
#Fit statistic  : C-Statistic                 1262.01     using 1198 bins.
#
#Test statistic : Chi-Squared                  590.56     using 1198 bins.
#
#***Warning: Chi-square may not be valid due to bins with zero variance
#            in spectrum number(s): 1 
#
# Null hypothesis probability of 1.00e+00 with 1195 degrees of freedom
# Current data and model not fit yet.
#
!XSPEC12>thaw bvapec1:10
#
#Fit statistic  : C-Statistic                 1262.01     using 1198 bins.
#
#Test statistic : Chi-Squared                  590.56     using 1198 bins.
#
#***Warning: Chi-square may not be valid due to bins with zero variance
#            in spectrum number(s): 1 
#
# Null hypothesis probability of 1.00e+00 with 1194 degrees of freedom
# Current data and model not fit yet.
#
!XSPEC12>newpar bvapec1:17 50.
#
#Fit statistic  : C-Statistic                 1262.14     using 1198 bins.
#
#Test statistic : Chi-Squared                  590.44     using 1198 bins.
#
#***Warning: Chi-square may not be valid due to bins with zero variance
#            in spectrum number(s): 1 
#
# Null hypothesis probability of 1.00e+00 with 1194 degrees of freedom
# Current data and model not fit yet.
#
!XSPEC12>thaw bvapec1:17
#  parameter bvapec1:17 is not frozen.
#
!XSPEC12>fit
# Warning: renorm - no variable model to allow  renormalization
#                                   Parameters
#C-Statistic  |beta|/N    Lvl  bvapec1:2:kT bvapec1:10:Si bvapec1:16:Re bvapec1:17:Ve
#1256.55      5916.41      -3       1.90158       1.45719    0.00438457       121.718
#1256.07      1254.62      -4       1.89263       1.49373    0.00442202       135.360
#1256.02      242.121      -5       1.88902       1.49779    0.00442882       143.590
#1256.02      123.128      -6       1.88874       1.49942    0.00443254       146.224
#==================================================
# Variances and Principal Axes
#         bvapec1:2bvapec1:10bvapec1:16bvapec1:17  
# 8.2505E-09|  0.0000  -0.0000   1.0000   0.0000  
# 5.0806E-03| -0.8527   0.5224   0.0000  -0.0003  
# 2.7589E-02|  0.5224   0.8527   0.0000   0.0000  
# 2.5216E+03|  0.0003  -0.0002   0.0000  -1.0000  
#--------------------------------------------------
#
#================================================
#  Covariance Matrix
#        1           2           3           4   
#   1.144e-02   9.908e-03   5.063e-08  -7.478e-01
#   9.908e-03   2.151e-02   1.828e-07   3.980e-01
#   5.063e-08   1.828e-07   8.304e-09  -3.446e-04
#  -7.478e-01   3.980e-01  -3.446e-04   2.522e+03
#------------------------------------------------
#
#========================================================================
#Model agn:TBabs<1>*powerlaw<2> Source No.: 1   Active/On
#Model Model Component  Parameter  Unit     Value
# par  comp
#   1    1   TBabs      nH         10^22    0.129000     frozen
#   2    2   powerlaw   PhoIndex            2.35000      frozen
#   3    2   powerlaw   norm                1.48941E-03  frozen
#________________________________________________________________________
#
#
#========================================================================
#Model bvapec1:TBabs<1>*bvapec<2> Source No.: 2   Active/On
#Model Model Component  Parameter  Unit     Value
# par  comp
#   1    1   TBabs      nH         10^22    0.129000     frozen
#   2    2   bvapec     kT         keV      1.88874      +/-  0.106980     
#   3    2   bvapec     He                  1.00000      frozen
#   4    2   bvapec     C                   1.00000      frozen
#   5    2   bvapec     N                   1.00000      frozen
#   6    2   bvapec     O                   1.00000      frozen
#   7    2   bvapec     Ne                  1.00000      frozen
#   8    2   bvapec     Mg                  1.00000      frozen
#   9    2   bvapec     Al                  1.00000      frozen
#  10    2   bvapec     Si                  1.49942      +/-  0.146663     
#  11    2   bvapec     S                   1.23771      frozen
#  12    2   bvapec     Ar                  1.08525      frozen
#  13    2   bvapec     Ca                  1.39231      frozen
#  14    2   bvapec     Fe                  1.07364      frozen
#  15    2   bvapec     Ni                  2.33432      frozen
#  16    2   bvapec     Redshift            4.43254E-03  +/-  9.11274E-05  
#  17    2   bvapec     Velocity   km/s     146.224      +/-  50.2156      
#  18    2   bvapec     norm                1.36931E-02  frozen
#________________________________________________________________________
#
#
#Fit statistic  : C-Statistic                 1256.02     using 1198 bins.
#
#Test statistic : Chi-Squared                  596.21     using 1198 bins.
#
#***Warning: Chi-square may not be valid due to bins with zero variance
#            in spectrum number(s): 1 
#
# Null hypothesis probability of 1.00e+00 with 1194 degrees of freedom
#
!XSPEC12>parallel error 20
#
!XSPEC12>error 1. bvapec1:10,16,17
# Parameter   Confidence Range (1)
#    10      1.36904      1.66084    (-0.130752,0.16105)
#    16   0.00434146   0.00453022    (-9.22919e-05,9.64664e-05)
#    17      79.0548      201.081    (-68.2565,53.7693)
#
!XSPEC12>save model AGN_plus_TBabs_gdem_Si
#
!XSPEC12>tclreadline::readline eofchar ""
#
!XSPEC12>tclreadline::readline read {AGN_plus_TBabs_gdem_Si.xcm exists. Replace? (y/n) }
#
!XSPEC12>tclreadline::readline eofchar "puts {}; exit"
#
!XSPEC12>setpl rebin 5 10
#
!XSPEC12>setplot rebin 5 10
#
!XSPEC12>setpl xlog on
#
!XSPEC12>setplot xlog on
#
!XSPEC12>setpl ylog on
#
!XSPEC12>setplot ylog on
#
!XSPEC12>setpl energy
#
!XSPEC12>setplot energy
#
!XSPEC12>plot data resid
#
!XSPEC12>iplot
#
!XSPEC12>cpd AGN_plus_TBabs_gdem_S.ps/cps
#
!XSPEC12>notice all
# 60000 channels (1,60000) noticed in spectrum #     1
#
#All channels noticed
#Fit statistic  : C-Statistic                43182.02     using 60000 bins.
#
#Test statistic : Chi-Squared                10733.62     using 60000 bins.
#
#***Warning: Chi-square may not be valid due to bins with zero variance
#            in spectrum number(s): 1 
#
# Null hypothesis probability of 1.00e+00 with 59996 degrees of freedom
# Current data and model not fit yet.
#
#
!XSPEC12>ignore **: **-2.4 3.0-**
#  4800 channels (1-4800) ignored in spectrum #     1
# 54001 channels (6000-60000) ignored in spectrum #     1
#
#Fit statistic  : C-Statistic                 1202.79     using 1199 bins.
#
#Test statistic : Chi-Squared                 1069.46     using 1199 bins.
#
#***Warning: Chi-square may not be valid due to bins with zero variance
#            in spectrum number(s): 1 
#
# Null hypothesis probability of 9.96e-01 with 1195 degrees of freedom
# Current data and model not fit yet.
#
#
!XSPEC12>freeze agn:3 bvapec1:14 bvapec1:10 bvapec1:12 bvapec1:13 bvapec1:15 bvapec1:18
#  parameter agn:3 is already frozen.
#  parameter bvapec1:12 is already frozen.
#  parameter bvapec1:13 is already frozen.
#  parameter bvapec1:14 is already frozen.
#  parameter bvapec1:15 is already frozen.
#  parameter bvapec1:18 is already frozen.
#
#Fit statistic  : C-Statistic                 1202.79     using 1199 bins.
#
#Test statistic : Chi-Squared                 1069.46     using 1199 bins.
#
#***Warning: Chi-square may not be valid due to bins with zero variance
#            in spectrum number(s): 1 
#
# Null hypothesis probability of 9.96e-01 with 1196 degrees of freedom
# Current data and model not fit yet.
#
!XSPEC12>thaw bvapec1:11
#
#Fit statistic  : C-Statistic                 1202.79     using 1199 bins.
#
#Test statistic : Chi-Squared                 1069.46     using 1199 bins.
#
#***Warning: Chi-square may not be valid due to bins with zero variance
#            in spectrum number(s): 1 
#
# Null hypothesis probability of 9.96e-01 with 1195 degrees of freedom
# Current data and model not fit yet.
#
!XSPEC12>newpar bvapec1:17 50.
#
#Fit statistic  : C-Statistic                 1214.73     using 1199 bins.
#
#Test statistic : Chi-Squared                 1073.18     using 1199 bins.
#
#***Warning: Chi-square may not be valid due to bins with zero variance
#            in spectrum number(s): 1 
#
# Null hypothesis probability of 9.95e-01 with 1195 degrees of freedom
# Current data and model not fit yet.
#
!XSPEC12>thaw bvapec1:17
#  parameter bvapec1:17 is not frozen.
#
!XSPEC12>fit
# Warning: renorm - no variable model to allow  renormalization
#                                   Parameters
#C-Statistic  |beta|/N    Lvl  bvapec1:2:kT  bvapec1:11:S bvapec1:16:Re bvapec1:17:Ve
#1203.57      12538.1      -3       1.77291       1.21254    0.00436360       230.769
#1191.73      3032.12      -4       1.77392       1.23205    0.00429763       147.874
#1191.09      1674.9       -5       1.76895       1.26628    0.00431624       160.976
#1191.08      13.3691      -6       1.76740       1.26684    0.00431603       159.076
#==================================================
# Variances and Principal Axes
#         bvapec1:2bvapec1:11bvapec1:16bvapec1:17  
# 2.7767E-09|  0.0001  -0.0000  -1.0000   0.0000  
# 1.7842E-03|  0.9496  -0.3135   0.0000   0.0003  
# 3.9478E-03|  0.3135   0.9496   0.0000  -0.0003  
# 6.1506E+02|  0.0002  -0.0004  -0.0000  -1.0000  
#--------------------------------------------------
#
#================================================
#  Covariance Matrix
#        1           2           3           4   
#   2.019e-03   5.985e-04   8.418e-08  -1.173e-01
#   5.985e-04   3.828e-03   6.492e-08   2.390e-01
#   8.418e-08   6.492e-08   2.793e-09   8.469e-05
#  -1.173e-01   2.390e-01   8.469e-05   6.151e+02
#------------------------------------------------
#
#========================================================================
#Model agn:TBabs<1>*powerlaw<2> Source No.: 1   Active/On
#Model Model Component  Parameter  Unit     Value
# par  comp
#   1    1   TBabs      nH         10^22    0.129000     frozen
#   2    2   powerlaw   PhoIndex            2.35000      frozen
#   3    2   powerlaw   norm                1.48941E-03  frozen
#________________________________________________________________________
#
#
#========================================================================
#Model bvapec1:TBabs<1>*bvapec<2> Source No.: 2   Active/On
#Model Model Component  Parameter  Unit     Value
# par  comp
#   1    1   TBabs      nH         10^22    0.129000     frozen
#   2    2   bvapec     kT         keV      1.76740      +/-  4.49358E-02  
#   3    2   bvapec     He                  1.00000      frozen
#   4    2   bvapec     C                   1.00000      frozen
#   5    2   bvapec     N                   1.00000      frozen
#   6    2   bvapec     O                   1.00000      frozen
#   7    2   bvapec     Ne                  1.00000      frozen
#   8    2   bvapec     Mg                  1.00000      frozen
#   9    2   bvapec     Al                  1.00000      frozen
#  10    2   bvapec     Si                  1.49942      frozen
#  11    2   bvapec     S                   1.26684      +/-  6.18716E-02  
#  12    2   bvapec     Ar                  1.08525      frozen
#  13    2   bvapec     Ca                  1.39231      frozen
#  14    2   bvapec     Fe                  1.07364      frozen
#  15    2   bvapec     Ni                  2.33432      frozen
#  16    2   bvapec     Redshift            4.31603E-03  +/-  5.28530E-05  
#  17    2   bvapec     Velocity   km/s     159.076      +/-  24.8004      
#  18    2   bvapec     norm                1.36931E-02  frozen
#________________________________________________________________________
#
#
#Fit statistic  : C-Statistic                 1191.08     using 1199 bins.
#
#Test statistic : Chi-Squared                 1017.76     using 1199 bins.
#
#***Warning: Chi-square may not be valid due to bins with zero variance
#            in spectrum number(s): 1 
#
# Null hypothesis probability of 1.00e+00 with 1195 degrees of freedom
#
!XSPEC12>parallel error 20
#
!XSPEC12>error 1. bvapec1:11,16,17
# Parameter   Confidence Range (1)
#    11      1.20696        1.329    (-0.0601437,0.06189)
#    16    0.0042637    0.0043688    (-5.25246e-05,5.25699e-05)
#    17      135.288      182.379    (-24.0469,23.0446)
#
!XSPEC12>save model AGN_plus_TBabs_gdem_S
#
!XSPEC12>tclreadline::readline eofchar ""
#
!XSPEC12>tclreadline::readline read {AGN_plus_TBabs_gdem_S.xcm exists. Replace? (y/n) }
#
!XSPEC12>tclreadline::readline eofchar "puts {}; exit"
#
!XSPEC12>setpl rebin 5 10
#
!XSPEC12>setplot rebin 5 10
#
!XSPEC12>setpl xlog on
#
!XSPEC12>setplot xlog on
#
!XSPEC12>setpl ylog on
#
!XSPEC12>setplot ylog on
#
!XSPEC12>setpl energy
#
!XSPEC12>setplot energy
#
!XSPEC12>plot data resid
#
!XSPEC12>iplot
#
!XSPEC12>cpd AGN_plus_TBabs_gdem_Ar.ps/cps
#
!XSPEC12>notice all
# 60000 channels (1,60000) noticed in spectrum #     1
#
#All channels noticed
#Fit statistic  : C-Statistic                43281.17     using 60000 bins.
#
#Test statistic : Chi-Squared                10182.39     using 60000 bins.
#
#***Warning: Chi-square may not be valid due to bins with zero variance
#            in spectrum number(s): 1 
#
# Null hypothesis probability of 1.00e+00 with 59996 degrees of freedom
# Current data and model not fit yet.
#
#
!XSPEC12>ignore **: **-3.0 3.7-**
#  6000 channels (1-6000) ignored in spectrum #     1
# 52601 channels (7400-60000) ignored in spectrum #     1
#
#Fit statistic  : C-Statistic                 1492.41     using 1399 bins.
#
#Test statistic : Chi-Squared                 1499.74     using 1399 bins.
#
#***Warning: Chi-square may not be valid due to bins with zero variance
#            in spectrum number(s): 1 
#
# Null hypothesis probability of 2.57e-02 with 1395 degrees of freedom
# Current data and model not fit yet.
#
#
!XSPEC12>freeze agn:3 bvapec1:14 bvapec1:10 bvapec1:11 bvapec1:13 bvapec1:15 bvapec1:18
#  parameter agn:3 is already frozen.
#  parameter bvapec1:10 is already frozen.
#  parameter bvapec1:13 is already frozen.
#  parameter bvapec1:14 is already frozen.
#  parameter bvapec1:15 is already frozen.
#  parameter bvapec1:18 is already frozen.
#
#Fit statistic  : C-Statistic                 1492.41     using 1399 bins.
#
#Test statistic : Chi-Squared                 1499.74     using 1399 bins.
#
#***Warning: Chi-square may not be valid due to bins with zero variance
#            in spectrum number(s): 1 
#
# Null hypothesis probability of 2.69e-02 with 1396 degrees of freedom
# Current data and model not fit yet.
#
!XSPEC12>thaw bvapec1:12
#
#Fit statistic  : C-Statistic                 1492.41     using 1399 bins.
#
#Test statistic : Chi-Squared                 1499.74     using 1399 bins.
#
#***Warning: Chi-square may not be valid due to bins with zero variance
#            in spectrum number(s): 1 
#
# Null hypothesis probability of 2.57e-02 with 1395 degrees of freedom
# Current data and model not fit yet.
#
!XSPEC12>newpar bvapec1:17 50.
#
#Fit statistic  : C-Statistic                 1483.28     using 1399 bins.
#
#Test statistic : Chi-Squared                 1487.48     using 1399 bins.
#
#***Warning: Chi-square may not be valid due to bins with zero variance
#            in spectrum number(s): 1 
#
# Null hypothesis probability of 4.22e-02 with 1395 degrees of freedom
# Current data and model not fit yet.
#
!XSPEC12>thaw bvapec1:17
#  parameter bvapec1:17 is not frozen.
#
!XSPEC12>fit
# Warning: renorm - no variable model to allow  renormalization
#                                   Parameters
#C-Statistic  |beta|/N    Lvl  bvapec1:2:kT bvapec1:12:Ar bvapec1:16:Re bvapec1:17:Ve
#1478.2       198.698      -3       1.84814       1.02048    0.00431937       14.7560
#1478.09      24.5993      -4       1.85009       1.03677    0.00431906       6.02596
#1478.09      56.941       -5       1.85063       1.03675    0.00431927      0.982746
#==================================================
# Variances and Principal Axes
#         bvapec1:2bvapec1:12bvapec1:16bvapec1:17  
# 3.2002E-09|  0.0001  -0.0000  -1.0000   0.0000  
# 1.4540E-03|  0.9891   0.1475   0.0001   0.0000  
# 8.4456E-03|  0.1475  -0.9891   0.0000   0.0001  
# 2.0474E+05| -0.0000   0.0001   0.0000   1.0000  
#--------------------------------------------------
#
#================================================
#  Covariance Matrix
#        1           2           3           4   
#   1.626e-03  -1.140e-03   1.123e-07  -2.016e+00
#  -1.140e-03   9.016e-03  -1.228e-07   1.217e+01
#   1.123e-07  -1.228e-07   3.210e-09   4.602e-04
#  -2.016e+00   1.217e+01   4.602e-04   2.047e+05
#------------------------------------------------
#
#========================================================================
#Model agn:TBabs<1>*powerlaw<2> Source No.: 1   Active/On
#Model Model Component  Parameter  Unit     Value
# par  comp
#   1    1   TBabs      nH         10^22    0.129000     frozen
#   2    2   powerlaw   PhoIndex            2.35000      frozen
#   3    2   powerlaw   norm                1.48941E-03  frozen
#________________________________________________________________________
#
#
#========================================================================
#Model bvapec1:TBabs<1>*bvapec<2> Source No.: 2   Active/On
#Model Model Component  Parameter  Unit     Value
# par  comp
#   1    1   TBabs      nH         10^22    0.129000     frozen
#   2    2   bvapec     kT         keV      1.85063      +/-  4.03236E-02  
#   3    2   bvapec     He                  1.00000      frozen
#   4    2   bvapec     C                   1.00000      frozen
#   5    2   bvapec     N                   1.00000      frozen
#   6    2   bvapec     O                   1.00000      frozen
#   7    2   bvapec     Ne                  1.00000      frozen
#   8    2   bvapec     Mg                  1.00000      frozen
#   9    2   bvapec     Al                  1.00000      frozen
#  10    2   bvapec     Si                  1.49942      frozen
#  11    2   bvapec     S                   1.26684      frozen
#  12    2   bvapec     Ar                  1.03675      +/-  9.49548E-02  
#  13    2   bvapec     Ca                  1.39231      frozen
#  14    2   bvapec     Fe                  1.07364      frozen
#  15    2   bvapec     Ni                  2.33432      frozen
#  16    2   bvapec     Redshift            4.31927E-03  +/-  5.66612E-05  
#  17    2   bvapec     Velocity   km/s     0.982746     +/-  452.485      
#  18    2   bvapec     norm                1.36931E-02  frozen
#________________________________________________________________________
#
#
#Fit statistic  : C-Statistic                 1478.09     using 1399 bins.
#
#Test statistic : Chi-Squared                 1568.11     using 1399 bins.
#
#***Warning: Chi-square may not be valid due to bins with zero variance
#            in spectrum number(s): 1 
#
# Null hypothesis probability of 7.80e-04 with 1395 degrees of freedom
#
!XSPEC12>parallel error 20
#
!XSPEC12>error 1. bvapec1:12,16,17
# Parameter   Confidence Range (1)
#    12     0.957073      1.13842    (-0.0797082,0.101639)
#    16   0.00426418   0.00437502    (-5.50731e-05,5.57671e-05)
#                                   Parameters
#C-Statistic  |beta|/N    Lvl  bvapec1:2:kT bvapec1:12:Ar bvapec1:16:Re bvapec1:17:Ve
#1478.08      0.134149      0       1.84938       1.04583    0.00431969      0.325470
#==================================================
# Variances and Principal Axes
#         bvapec1:2bvapec1:12bvapec1:16bvapec1:17  
# 3.1789E-09|  0.0001  -0.0000  -1.0000   0.0000  
# 1.4523E-03|  0.9892   0.1464   0.0001   0.0000  
# 8.5340E-03|  0.1464  -0.9892   0.0000   0.0000  
# 7.7879E+06| -0.0000   0.0000   0.0000   1.0000  
#--------------------------------------------------
#
#================================================
#  Covariance Matrix
#        1           2           3           4   
#   1.624e-03  -1.145e-03   1.116e-07  -1.240e+01
#  -1.145e-03   9.106e-03  -1.206e-07   7.509e+01
#   1.116e-07  -1.206e-07   3.189e-09   2.882e-03
#  -1.240e+01   7.509e+01   2.882e-03   7.788e+06
#------------------------------------------------
#
#========================================================================
#Model agn:TBabs<1>*powerlaw<2> Source No.: 1   Active/On
#Model Model Component  Parameter  Unit     Value
# par  comp
#   1    1   TBabs      nH         10^22    0.129000     frozen
#   2    2   powerlaw   PhoIndex            2.35000      frozen
#   3    2   powerlaw   norm                1.48941E-03  frozen
#________________________________________________________________________
#
#
#========================================================================
#Model bvapec1:TBabs<1>*bvapec<2> Source No.: 2   Active/On
#Model Model Component  Parameter  Unit     Value
# par  comp
#   1    1   TBabs      nH         10^22    0.129000     frozen
#   2    2   bvapec     kT         keV      1.84938      +/-  4.02965E-02  
#   3    2   bvapec     He                  1.00000      frozen
#   4    2   bvapec     C                   1.00000      frozen
#   5    2   bvapec     N                   1.00000      frozen
#   6    2   bvapec     O                   1.00000      frozen
#   7    2   bvapec     Ne                  1.00000      frozen
#   8    2   bvapec     Mg                  1.00000      frozen
#   9    2   bvapec     Al                  1.00000      frozen
#  10    2   bvapec     Si                  1.49942      frozen
#  11    2   bvapec     S                   1.26684      frozen
#  12    2   bvapec     Ar                  1.04583      +/-  9.54265E-02  
#  13    2   bvapec     Ca                  1.39231      frozen
#  14    2   bvapec     Fe                  1.07364      frozen
#  15    2   bvapec     Ni                  2.33432      frozen
#  16    2   bvapec     Redshift            4.31969E-03  +/-  5.64721E-05  
#  17    2   bvapec     Velocity   km/s     0.325470     +/-  2790.68      
#  18    2   bvapec     norm                1.36931E-02  frozen
#________________________________________________________________________
#
#
#Fit statistic  : C-Statistic                 1478.08     using 1399 bins.
#
#Test statistic : Chi-Squared                 1568.06     using 1399 bins.
#
#***Warning: Chi-square may not be valid due to bins with zero variance
#            in spectrum number(s): 1 
#
# Null hypothesis probability of 7.82e-04 with 1395 degrees of freedom
#***Warning: New best fit found, fit parameters will be set to new values.
#    12     0.957664      1.13762    (-0.0881091,0.0918474)
#    16   0.00426429    0.0043748    (-5.54027e-05,5.51112e-05)
#***Warning: Parameter pegged at hard limit: 0
#    17            0      69.0419    (-0.0837918,68.9581)
#
!XSPEC12>save model AGN_plus_TBabs_gdem_Ar
#
!XSPEC12>tclreadline::readline eofchar ""
#
!XSPEC12>tclreadline::readline read {AGN_plus_TBabs_gdem_Ar.xcm exists. Replace? (y/n) }
#
!XSPEC12>tclreadline::readline eofchar "puts {}; exit"
#
!XSPEC12>setpl rebin 5 10
#
!XSPEC12>setplot rebin 5 10
#
!XSPEC12>setpl xlog on
#
!XSPEC12>setplot xlog on
#
!XSPEC12>setpl ylog on
#
!XSPEC12>setplot ylog on
#
!XSPEC12>setpl energy
#
!XSPEC12>setplot energy
#
!XSPEC12>plot data resid
#
!XSPEC12>iplot
#
!XSPEC12>cpd AGN_plus_TBabs_gdem_Ca.ps/cps
#
!XSPEC12>notice all
# 60000 channels (1,60000) noticed in spectrum #     1
#
#All channels noticed
#Fit statistic  : C-Statistic                43162.04     using 60000 bins.
#
#Test statistic : Chi-Squared                10461.30     using 60000 bins.
#
#***Warning: Chi-square may not be valid due to bins with zero variance
#            in spectrum number(s): 1 
#
# Null hypothesis probability of 1.00e+00 with 59996 degrees of freedom
# Current data and model not fit yet.
#
#
!XSPEC12>ignore **: **-3.7 4.7-**
#  7400 channels (1-7400) ignored in spectrum #     1
# 50600 channels (9401-60000) ignored in spectrum #     1
#
#Fit statistic  : C-Statistic                 2269.31     using 2000 bins.
#
#Test statistic : Chi-Squared                 1970.07     using 2000 bins.
#
#***Warning: Chi-square may not be valid due to bins with zero variance
#            in spectrum number(s): 1 
#
# Null hypothesis probability of 6.56e-01 with 1996 degrees of freedom
# Current data and model not fit yet.
#
#
!XSPEC12>freeze agn:3 bvapec1:14 bvapec1:10 bvapec1:11 bvapec1:12 bvapec1:15 bvapec1:18
#  parameter agn:3 is already frozen.
#  parameter bvapec1:10 is already frozen.
#  parameter bvapec1:11 is already frozen.
#  parameter bvapec1:14 is already frozen.
#  parameter bvapec1:15 is already frozen.
#  parameter bvapec1:18 is already frozen.
#
#Fit statistic  : C-Statistic                 2269.31     using 2000 bins.
#
#Test statistic : Chi-Squared                 1970.07     using 2000 bins.
#
#***Warning: Chi-square may not be valid due to bins with zero variance
#            in spectrum number(s): 1 
#
# Null hypothesis probability of 6.62e-01 with 1997 degrees of freedom
# Current data and model not fit yet.
#
!XSPEC12>thaw bvapec1:13
#
#Fit statistic  : C-Statistic                 2269.31     using 2000 bins.
#
#Test statistic : Chi-Squared                 1970.07     using 2000 bins.
#
#***Warning: Chi-square may not be valid due to bins with zero variance
#            in spectrum number(s): 1 
#
# Null hypothesis probability of 6.56e-01 with 1996 degrees of freedom
# Current data and model not fit yet.
#
!XSPEC12>newpar bvapec1:17 50.
#
#Fit statistic  : C-Statistic                 2268.15     using 2000 bins.
#
#Test statistic : Chi-Squared                 1970.89     using 2000 bins.
#
#***Warning: Chi-square may not be valid due to bins with zero variance
#            in spectrum number(s): 1 
#
# Null hypothesis probability of 6.51e-01 with 1996 degrees of freedom
# Current data and model not fit yet.
#
!XSPEC12>thaw bvapec1:17
#  parameter bvapec1:17 is not frozen.
#
!XSPEC12>fit
# Warning: renorm - no variable model to allow  renormalization
#                                   Parameters
#C-Statistic  |beta|/N    Lvl  bvapec1:2:kT bvapec1:13:Ca bvapec1:16:Re bvapec1:17:Ve
#2264.02      7472.6       -3       1.81927       1.43117    0.00441284       84.5544
#2263.78      241.671      -4       1.81732       1.45400    0.00441552       71.5045
#2263.78      207.997      -5       1.81731       1.45593    0.00441842       71.8228
#==================================================
# Variances and Principal Axes
#         bvapec1:2bvapec1:13bvapec1:16bvapec1:17  
# 3.4911E-09|  0.0000  -0.0000  -1.0000   0.0000  
# 6.7712E-04|  0.9956   0.0937   0.0000  -0.0000  
# 1.4828E-02|  0.0937  -0.9956   0.0000   0.0008  
# 1.3511E+03| -0.0001   0.0008   0.0000   1.0000  
#--------------------------------------------------
#
#================================================
#  Covariance Matrix
#        1           2           3           4   
#   8.060e-04  -1.385e-03   4.835e-08  -7.964e-02
#  -1.385e-03   1.562e-02  -1.733e-07   1.113e+00
#   4.835e-08  -1.733e-07   3.497e-09   4.388e-05
#  -7.964e-02   1.113e+00   4.388e-05   1.351e+03
#------------------------------------------------
#
#========================================================================
#Model agn:TBabs<1>*powerlaw<2> Source No.: 1   Active/On
#Model Model Component  Parameter  Unit     Value
# par  comp
#   1    1   TBabs      nH         10^22    0.129000     frozen
#   2    2   powerlaw   PhoIndex            2.35000      frozen
#   3    2   powerlaw   norm                1.48941E-03  frozen
#________________________________________________________________________
#
#
#========================================================================
#Model bvapec1:TBabs<1>*bvapec<2> Source No.: 2   Active/On
#Model Model Component  Parameter  Unit     Value
# par  comp
#   1    1   TBabs      nH         10^22    0.129000     frozen
#   2    2   bvapec     kT         keV      1.81731      +/-  2.83900E-02  
#   3    2   bvapec     He                  1.00000      frozen
#   4    2   bvapec     C                   1.00000      frozen
#   5    2   bvapec     N                   1.00000      frozen
#   6    2   bvapec     O                   1.00000      frozen
#   7    2   bvapec     Ne                  1.00000      frozen
#   8    2   bvapec     Mg                  1.00000      frozen
#   9    2   bvapec     Al                  1.00000      frozen
#  10    2   bvapec     Si                  1.49942      frozen
#  11    2   bvapec     S                   1.26684      frozen
#  12    2   bvapec     Ar                  1.04583      frozen
#  13    2   bvapec     Ca                  1.45593      +/-  0.124985     
#  14    2   bvapec     Fe                  1.07364      frozen
#  15    2   bvapec     Ni                  2.33432      frozen
#  16    2   bvapec     Redshift            4.41842E-03  +/-  5.91356E-05  
#  17    2   bvapec     Velocity   km/s     71.8228      +/-  36.7577      
#  18    2   bvapec     norm                1.36931E-02  frozen
#________________________________________________________________________
#
#
#Fit statistic  : C-Statistic                 2263.78     using 2000 bins.
#
#Test statistic : Chi-Squared                 1923.27     using 2000 bins.
#
#***Warning: Chi-square may not be valid due to bins with zero variance
#            in spectrum number(s): 1 
#
# Null hypothesis probability of 8.76e-01 with 1996 degrees of freedom
#
!XSPEC12>parallel error 20
#
!XSPEC12>error 1. bvapec1:13,16,17
# Parameter   Confidence Range (1)
#    13      1.33372       1.5858    (-0.12227,0.129812)
#    16   0.00435867   0.00447745    (-5.97126e-05,5.90642e-05)
#    17      22.7848      104.031    (-48.8345,32.4115)
#
!XSPEC12>save model AGN_plus_TBabs_gdem_Ca
#
!XSPEC12>tclreadline::readline eofchar ""
#
!XSPEC12>tclreadline::readline read {AGN_plus_TBabs_gdem_Ca.xcm exists. Replace? (y/n) }
#
!XSPEC12>tclreadline::readline eofchar "puts {}; exit"
#
!XSPEC12>setpl rebin 5 10
#
!XSPEC12>setplot rebin 5 10
#
!XSPEC12>setpl xlog on
#
!XSPEC12>setplot xlog on
#
!XSPEC12>setpl ylog on
#
!XSPEC12>setplot ylog on
#
!XSPEC12>setpl energy
#
!XSPEC12>setplot energy
#
!XSPEC12>plot data resid
#
!XSPEC12>iplot
#
!XSPEC12>cpd AGN_plus_TBabs_gdem_Ni.ps/cps
#
!XSPEC12>notice all
# 60000 channels (1,60000) noticed in spectrum #     1
#
#All channels noticed
#Fit statistic  : C-Statistic                43206.54     using 60000 bins.
#
#Test statistic : Chi-Squared                10365.03     using 60000 bins.
#
#***Warning: Chi-square may not be valid due to bins with zero variance
#            in spectrum number(s): 1 
#
# Null hypothesis probability of 1.00e+00 with 59996 degrees of freedom
# Current data and model not fit yet.
#
#
!XSPEC12>ignore **: **-7.4 8.2-**
# 14800 channels (1-14800) ignored in spectrum #     1
# 43600 channels (16401-60000) ignored in spectrum #     1
#
#Fit statistic  : C-Statistic                 1297.62     using 1600 bins.
#
#Test statistic : Chi-Squared                  349.90     using 1600 bins.
#
#***Warning: Chi-square may not be valid due to bins with zero variance
#            in spectrum number(s): 1 
#
# Null hypothesis probability of 1.00e+00 with 1596 degrees of freedom
# Current data and model not fit yet.
#
#
!XSPEC12>freeze agn:3 bvapec1:14 bvapec1:10 bvapec1:11 bvapec1:12 bvapec1:13 bvapec1:18
#  parameter agn:3 is already frozen.
#  parameter bvapec1:10 is already frozen.
#  parameter bvapec1:11 is already frozen.
#  parameter bvapec1:12 is already frozen.
#  parameter bvapec1:14 is already frozen.
#  parameter bvapec1:18 is already frozen.
#
#Fit statistic  : C-Statistic                 1297.62     using 1600 bins.
#
#Test statistic : Chi-Squared                  349.90     using 1600 bins.
#
#***Warning: Chi-square may not be valid due to bins with zero variance
#            in spectrum number(s): 1 
#
# Null hypothesis probability of 1.00e+00 with 1597 degrees of freedom
# Current data and model not fit yet.
#
!XSPEC12>thaw bvapec1:15
#
#Fit statistic  : C-Statistic                 1297.62     using 1600 bins.
#
#Test statistic : Chi-Squared                  349.90     using 1600 bins.
#
#***Warning: Chi-square may not be valid due to bins with zero variance
#            in spectrum number(s): 1 
#
# Null hypothesis probability of 1.00e+00 with 1596 degrees of freedom
# Current data and model not fit yet.
#
!XSPEC12>newpar bvapec1:17 50.
#
#Fit statistic  : C-Statistic                 1298.05     using 1600 bins.
#
#Test statistic : Chi-Squared                  350.17     using 1600 bins.
#
#***Warning: Chi-square may not be valid due to bins with zero variance
#            in spectrum number(s): 1 
#
# Null hypothesis probability of 1.00e+00 with 1596 degrees of freedom
# Current data and model not fit yet.
#
!XSPEC12>thaw bvapec1:17
#  parameter bvapec1:17 is not frozen.
#
!XSPEC12>fit
# Warning: renorm - no variable model to allow  renormalization
#                                   Parameters
#C-Statistic  |beta|/N    Lvl  bvapec1:2:kT bvapec1:15:Ni bvapec1:16:Re bvapec1:17:Ve
#1287.35      7233.47      -3       1.89218       1.63979    0.00419156       68.6322
#1285.03      556.466      -4       1.92319       1.64652    0.00416953       13.2444
#1284.97      109.729      -5       1.93055       1.62403    0.00416519       3.92978
#1284.96      73.3121      -6       1.93160       1.61638    0.00416575      0.343037
#==================================================
# Variances and Principal Axes
#         bvapec1:2bvapec1:15bvapec1:16bvapec1:17  
# 6.9363E-09| -0.0000   0.0000   1.0000  -0.0000  
# 2.1713E-03|  0.9991   0.0423   0.0000  -0.0000  
# 5.7787E-01|  0.0423  -0.9991   0.0000   0.0001  
# 2.7509E+05| -0.0000  -0.0001  -0.0000  -1.0000  
#--------------------------------------------------
#
#================================================
#  Covariance Matrix
#        1           2           3           4   
#   3.209e-03  -2.417e-02   2.733e-07   1.521e+00
#  -2.417e-02   5.798e-01  -3.618e-06   2.847e+01
#   2.733e-07  -3.618e-06   6.978e-09   1.805e-03
#   1.521e+00   2.847e+01   1.805e-03   2.751e+05
#------------------------------------------------
#
#========================================================================
#Model agn:TBabs<1>*powerlaw<2> Source No.: 1   Active/On
#Model Model Component  Parameter  Unit     Value
# par  comp
#   1    1   TBabs      nH         10^22    0.129000     frozen
#   2    2   powerlaw   PhoIndex            2.35000      frozen
#   3    2   powerlaw   norm                1.48941E-03  frozen
#________________________________________________________________________
#
#
#========================================================================
#Model bvapec1:TBabs<1>*bvapec<2> Source No.: 2   Active/On
#Model Model Component  Parameter  Unit     Value
# par  comp
#   1    1   TBabs      nH         10^22    0.129000     frozen
#   2    2   bvapec     kT         keV      1.93160      +/-  5.66507E-02  
#   3    2   bvapec     He                  1.00000      frozen
#   4    2   bvapec     C                   1.00000      frozen
#   5    2   bvapec     N                   1.00000      frozen
#   6    2   bvapec     O                   1.00000      frozen
#   7    2   bvapec     Ne                  1.00000      frozen
#   8    2   bvapec     Mg                  1.00000      frozen
#   9    2   bvapec     Al                  1.00000      frozen
#  10    2   bvapec     Si                  1.49942      frozen
#  11    2   bvapec     S                   1.26684      frozen
#  12    2   bvapec     Ar                  1.04583      frozen
#  13    2   bvapec     Ca                  1.45593      frozen
#  14    2   bvapec     Fe                  1.07364      frozen
#  15    2   bvapec     Ni                  1.61638      +/-  0.761439     
#  16    2   bvapec     Redshift            4.16575E-03  +/-  8.35348E-05  
#  17    2   bvapec     Velocity   km/s     0.343037     +/-  524.492      
#  18    2   bvapec     norm                1.36931E-02  frozen
#________________________________________________________________________
#
#
#Fit statistic  : C-Statistic                 1284.96     using 1600 bins.
#
#Test statistic : Chi-Squared                  348.30     using 1600 bins.
#
#***Warning: Chi-square may not be valid due to bins with zero variance
#            in spectrum number(s): 1 
#
# Null hypothesis probability of 1.00e+00 with 1596 degrees of freedom
#
!XSPEC12>parallel error 20
#
!XSPEC12>error 1. bvapec1:15,16,17
# Parameter   Confidence Range (1)
#    15     0.940374      2.52615    (-0.674877,0.910902)
#    16   0.00408999   0.00424402    (-7.55832e-05,7.84459e-05)
#***Warning: Parameter pegged at hard limit: 0
#    17            0      57.2662    (-0.0251069,57.2411)
#
!XSPEC12>save model AGN_plus_TBabs_gdem_Ni
#
!XSPEC12>tclreadline::readline eofchar ""
#
!XSPEC12>tclreadline::readline read {AGN_plus_TBabs_gdem_Ni.xcm exists. Replace? (y/n) }
#
!XSPEC12>tclreadline::readline eofchar "puts {}; exit"
#
!XSPEC12>setpl rebin 5 10
#
!XSPEC12>setplot rebin 5 10
#
!XSPEC12>setpl xlog on
#
!XSPEC12>setplot xlog on
#
!XSPEC12>setpl ylog on
#
!XSPEC12>setplot ylog on
#
!XSPEC12>setpl energy
#
!XSPEC12>setplot energy
#
!XSPEC12>plot data resid
#
!XSPEC12>iplot
#
!XSPEC12> quit
# XSPEC: quit
#