#XSPEC version: 12.13.0
#Build Date/Time: Tue Nov 22 21:01:32 2022
#
!XSPEC12>fit
#                                   Parameters
#C-Statistic  |beta|/N    Lvl    agn:3:norm  bvapec1:2:kT bvapec1:10:Si  bvapec1:11:S bvapec1:12:Ar bvapec1:13:Ca bvapec1:14:Fe bvapec1:15:Ni bvapec1:16:Re bvapec1:17:Ve bvapec1:18:no
#15408.3      6673.1       -3    0.00164805       1.87029      0.787233      0.764351      0.773710      0.879824      0.762683       1.02605    0.00429605       104.499     0.0142449
#15168.8      3705.11      -4    0.00154803       1.82566       1.14835       1.06858       1.01879       1.26639       1.07386       2.09215    0.00429237       88.0139     0.0140422
#15145.9      2006.05      -5    0.00151007       1.84006       1.36109       1.21872       1.07901       1.38927       1.18129       2.38138    0.00429423       79.3121     0.0137252
#15145.4      358.152      -6    0.00148372       1.85195       1.40328       1.24096       1.08290       1.39070       1.17457       2.31820    0.00429380       76.5130     0.0136926
#15145.4      99.999       -7    0.00149162       1.84840       1.39958       1.23737       1.08606       1.39426       1.18323       2.33869    0.00429281       75.4976     0.0136920
#15145.4      1.29612      -8    0.00148812       1.84999       1.40088       1.23828       1.08480       1.39167       1.17981       2.33130    0.00429290       75.2281     0.0136930
#==========================================================================================
# Variances and Principal Axes
#             agn:3bvapec1:2bvapec1:10bvapec1:11bvapec1:12bvapec1:13bvapec1:14bvapec1:15bvapec1:16bvapec1:17bvapec1:18  
# 4.7376E-10|  0.0044   0.0001  -0.0000   0.0000  -0.0000  -0.0000   0.0000   0.0000  -1.0000   0.0000   0.0015  
# 1.3192E-09|  0.9787   0.0025   0.0001   0.0001   0.0001   0.0000   0.0002   0.0000   0.0046   0.0000   0.2053  
# 6.1086E-08| -0.2053   0.0043   0.0009   0.0020   0.0008   0.0006   0.0027   0.0000   0.0006  -0.0000   0.9787  
# 3.2801E-04| -0.0014   0.9502  -0.0514  -0.1179  -0.0114   0.0095   0.2835   0.0028   0.0001  -0.0001  -0.0050  
# 4.4344E-03| -0.0002  -0.0456   0.2634  -0.9249   0.1561   0.1246  -0.1820   0.0006  -0.0000   0.0001   0.0022  
# 5.5323E-03|  0.0006  -0.2615   0.1928  -0.1849  -0.3249  -0.2551   0.8304  -0.0124  -0.0000   0.0004  -0.0004  
# 8.8703E-03| -0.0002   0.0689   0.1968   0.0069  -0.8635   0.3914  -0.2400   0.0067   0.0000   0.0003   0.0006  
# 1.3823E-02| -0.0003   0.1472   0.7173   0.1670  -0.0190  -0.6000  -0.2745   0.0163   0.0000  -0.0001  -0.0006  
# 2.0977E-02|  0.0003  -0.0134   0.5810   0.2617   0.3519   0.6371   0.2523  -0.0166  -0.0000  -0.0012  -0.0023  
# 7.0878E-01|  0.0000  -0.0090  -0.0009   0.0002   0.0078   0.0145   0.0199   0.9996  -0.0000  -0.0020  -0.0000  
# 1.2052E+02| -0.0000   0.0002   0.0006   0.0005   0.0008   0.0007   0.0001   0.0020   0.0000   1.0000  -0.0000  
#------------------------------------------------------------------------------------------
#
#====================================================================================================================================
#  Covariance Matrix
#        1           2           3           4           5           6           7           8           9          10          11   
#   1.044e-08  -2.172e-06   6.543e-07   1.343e-06   3.050e-06   4.780e-06   6.148e-06   9.041e-06  -1.964e-10  -5.749e-05  -2.703e-08
#  -2.172e-06   1.090e-03   1.086e-03   6.973e-04  -2.636e-04  -8.902e-04  -1.976e-03  -6.254e-03   9.716e-08   2.163e-02  -1.337e-06
#   6.543e-07   1.086e-03   1.510e-02   3.619e-03   2.481e-03   2.419e-03   5.984e-04  -5.634e-04   7.077e-08   7.404e-02  -3.053e-05
#   1.343e-06   6.973e-04   3.619e-03   5.840e-03   1.575e-03   1.933e-03   6.335e-04   2.240e-04   7.644e-08   5.979e-02  -2.232e-05
#   3.050e-06  -2.636e-04   2.481e-03   1.575e-03   1.002e-02   2.558e-03   2.275e-03   5.585e-03  -2.220e-08   9.276e-02  -1.985e-05
#   4.780e-06  -8.902e-04   2.419e-03   1.933e-03   2.558e-03   1.549e-02   3.759e-03   1.013e-02  -1.490e-07   8.978e-02  -2.301e-05
#   6.148e-06  -1.976e-03   5.984e-04   6.335e-04   2.275e-03   3.759e-03   7.157e-03   1.387e-02  -1.220e-07   1.413e-02  -1.591e-05
#   9.041e-06  -6.254e-03  -5.634e-04   2.240e-04   5.585e-03   1.013e-02   1.387e-02   7.087e-01  -3.158e-07   2.374e-01  -3.308e-05
#  -1.964e-10   9.716e-08   7.077e-08   7.644e-08  -2.220e-08  -1.490e-07  -1.220e-07  -3.158e-07   4.889e-10   2.537e-05  -1.557e-10
#  -5.749e-05   2.163e-02   7.404e-02   5.979e-02   9.276e-02   8.978e-02   1.413e-02   2.374e-01   2.537e-05   1.205e+02  -2.244e-04
#  -2.703e-08  -1.337e-06  -3.053e-05  -2.232e-05  -1.985e-05  -2.301e-05  -1.591e-05  -3.308e-05  -1.557e-10  -2.244e-04   2.094e-07
#------------------------------------------------------------------------------------------------------------------------------------
#
#========================================================================
#Model agn:TBabs<1>*powerlaw<2> Source No.: 1   Active/On
#Model Model Component  Parameter  Unit     Value
# par  comp
#   1    1   TBabs      nH         10^22    0.129000     frozen
#   2    2   powerlaw   PhoIndex            2.35000      frozen
#   3    2   powerlaw   norm                1.48812E-03  +/-  1.02161E-04  
#________________________________________________________________________
#
#
#========================================================================
#Model bvapec1:TBabs<1>*bvapec<2> Source No.: 2   Active/On
#Model Model Component  Parameter  Unit     Value
# par  comp
#   1    1   TBabs      nH         10^22    0.129000     frozen
#   2    2   bvapec     kT         keV      1.84999      +/-  3.30127E-02  
#   3    2   bvapec     He                  1.00000      frozen
#   4    2   bvapec     C                   1.00000      frozen
#   5    2   bvapec     N                   1.00000      frozen
#   6    2   bvapec     O                   1.00000      frozen
#   7    2   bvapec     Ne                  1.00000      frozen
#   8    2   bvapec     Mg                  1.00000      frozen
#   9    2   bvapec     Al                  1.00000      frozen
#  10    2   bvapec     Si                  1.40088      +/-  0.122871     
#  11    2   bvapec     S                   1.23828      +/-  7.64185E-02  
#  12    2   bvapec     Ar                  1.08480      +/-  0.100122     
#  13    2   bvapec     Ca                  1.39167      +/-  0.124478     
#  14    2   bvapec     Fe                  1.17981      +/-  8.45988E-02  
#  15    2   bvapec     Ni                  2.33130      +/-  0.841861     
#  16    2   bvapec     Redshift            4.29290E-03  +/-  2.21117E-05  
#  17    2   bvapec     Velocity   km/s     75.2281      +/-  10.9783      
#  18    2   bvapec     norm                1.36930E-02  +/-  4.57557E-04  
#________________________________________________________________________
#
#
#Fit statistic  : C-Statistic                15145.42     using 16599 bins.
#
#Test statistic : Chi-Squared                 8648.46     using 16599 bins.
#
#***Warning: Chi-square may not be valid due to bins with zero variance
#            in spectrum number(s): 1 
#
# Null hypothesis probability of 1.00e+00 with 16588 degrees of freedom
#
!XSPEC12>parallel leven 1
#
!XSPEC12>parallel error 20
#
!XSPEC12>error 1. agn:3
# Parameter   Confidence Range (1)
#     3   0.00139331   0.00158286    (-9.60996e-05,9.34422e-05)
#
!XSPEC12>error 1. bvapec1:2,10-18
# Parameter   Confidence Range (1)
#     2      1.82138      1.87865    (-0.0282621,0.0290128)
#    10      1.28273      1.52634    (-0.117657,0.125949)
#    11      1.16438      1.31553    (-0.0734912,0.0776567)
#    12      0.98815      1.18753    (-0.0969087,0.102469)
#    13      1.27244      1.51874    (-0.119502,0.126798)
#    14      1.10761      1.25901    (-0.0729985,0.0783991)
#    15      1.54758      3.21817    (-0.785627,0.884961)
#    16   0.00427084   0.00431486    (-2.19357e-05,2.20836e-05)
#    17      61.8821      88.0914    (-13.2198,12.9895)
#    18    0.0132341     0.014152    (-0.000459096,0.00045884)
#
!XSPEC12>parallel error 1
#
!XSPEC12>save model AGN_plus_TBabs_gdem
#
!XSPEC12>show par
#
#Parameters defined:
#========================================================================
#Model agn:TBabs<1>*powerlaw<2> Source No.: 1   Active/On
#Model Model Component  Parameter  Unit     Value
# par  comp
#   1    1   TBabs      nH         10^22    0.129000     frozen
#   2    2   powerlaw   PhoIndex            2.35000      frozen
#   3    2   powerlaw   norm                1.48941E-03  +/-  1.02161E-04  
#________________________________________________________________________
#
#========================================================================
#Model bvapec1:TBabs<1>*bvapec<2> Source No.: 2   Active/On
#Model Model Component  Parameter  Unit     Value
# par  comp
#   1    1   TBabs      nH         10^22    0.129000     frozen
#   2    2   bvapec     kT         keV      1.84940      +/-  3.30127E-02  
#   3    2   bvapec     He                  1.00000      frozen
#   4    2   bvapec     C                   1.00000      frozen
#   5    2   bvapec     N                   1.00000      frozen
#   6    2   bvapec     O                   1.00000      frozen
#   7    2   bvapec     Ne                  1.00000      frozen
#   8    2   bvapec     Mg                  1.00000      frozen
#   9    2   bvapec     Al                  1.00000      frozen
#  10    2   bvapec     Si                  1.40018      +/-  0.122871     
#  11    2   bvapec     S                   1.23771      +/-  7.64185E-02  
#  12    2   bvapec     Ar                  1.08525      +/-  0.100122     
#  13    2   bvapec     Ca                  1.39231      +/-  0.124478     
#  14    2   bvapec     Fe                  1.18113      +/-  8.45988E-02  
#  15    2   bvapec     Ni                  2.33432      +/-  0.841861     
#  16    2   bvapec     Redshift            4.29276E-03  +/-  2.21117E-05  
#  17    2   bvapec     Velocity   km/s     75.1253      +/-  10.9783      
#  18    2   bvapec     norm                1.36931E-02  +/-  4.57557E-04  
#________________________________________________________________________
#
#
!XSPEC12>setpl rebin 5 10
#
!XSPEC12>setplot rebin 5 10
#
!XSPEC12>setpl xlog on
#
!XSPEC12>setplot xlog on
#
!XSPEC12>setpl ylog on
#
!XSPEC12>setplot ylog on
#
!XSPEC12>setpl energy
#
!XSPEC12>setplot energy
#
!XSPEC12>plot data resid
#
!XSPEC12>iplot
#
!XSPEC12>cpd AGN_plus_TBabs_gdem_Fe.ps/cps
#
!XSPEC12>notice all
# 60000 channels (1,60000) noticed in spectrum #     1
#
#All channels noticed
#Fit statistic  : C-Statistic                43135.74     using 60000 bins.
#
#Test statistic : Chi-Squared                10482.73     using 60000 bins.
#
#***Warning: Chi-square may not be valid due to bins with zero variance
#            in spectrum number(s): 1 
#
# Null hypothesis probability of 1.00e+00 with 59989 degrees of freedom
# Current data and model not fit yet.
#
#
!XSPEC12>ignore **: **-6. 7.-**
# 12000 channels (1-12000) ignored in spectrum #     1
# 46001 channels (14000-60000) ignored in spectrum #     1
#
#Fit statistic  : C-Statistic                 2026.67     using 1999 bins.
#
#Test statistic : Chi-Squared                  939.16     using 1999 bins.
#
#***Warning: Chi-square may not be valid due to bins with zero variance
#            in spectrum number(s): 1 
#
# Null hypothesis probability of 1.00e+00 with 1988 degrees of freedom
# Current data and model not fit yet.
#
#
!XSPEC12>freeze agn:3 bvapec1:2 bvapec1:10 bvapec1:11 bvapec1:12 bvapec1:13 bvapec1:15 bvapec1:18
#
#Fit statistic  : C-Statistic                 2026.67     using 1999 bins.
#
#Test statistic : Chi-Squared                  939.16     using 1999 bins.
#
#***Warning: Chi-square may not be valid due to bins with zero variance
#            in spectrum number(s): 1 
#
# Null hypothesis probability of 1.00e+00 with 1996 degrees of freedom
# Current data and model not fit yet.
#
!XSPEC12>newpar bvapec1:17 50.
#
#Fit statistic  : C-Statistic                 2026.84     using 1999 bins.
#
#Test statistic : Chi-Squared                  937.03     using 1999 bins.
#
#***Warning: Chi-square may not be valid due to bins with zero variance
#            in spectrum number(s): 1 
#
# Null hypothesis probability of 1.00e+00 with 1996 degrees of freedom
# Current data and model not fit yet.
#
!XSPEC12>thaw bvapec1:17
#  parameter bvapec1:17 is not frozen.
#
!XSPEC12>fit
# Warning: renorm - no variable model to allow  renormalization
#                                   Parameters
#C-Statistic  |beta|/N    Lvl bvapec1:14:Fe bvapec1:16:Re bvapec1:17:Ve
#2022.42      21845.7      -3       1.15642    0.00423876       56.4534
#2022.33      2207.63      -4       1.16276    0.00423318       58.5329
#2022.33      261.097      -5       1.16296    0.00423262       59.1590
#========================================
# Variances and Principal Axes
#         bvapec1:14bvapec1:16bvapec1:17  
# 9.8431E-10|  0.0000  -1.0000   0.0000  
# 1.9156E-03|  1.0000   0.0000  -0.0001  
# 1.9852E+02|  0.0001   0.0000   1.0000  
#----------------------------------------
#
#====================================
#  Covariance Matrix
#        1           2           3   
#   1.919e-03   1.593e-08   2.731e-02
#   1.593e-08   1.007e-09   6.669e-05
#   2.731e-02   6.669e-05   1.985e+02
#------------------------------------
#
#========================================================================
#Model agn:TBabs<1>*powerlaw<2> Source No.: 1   Active/On
#Model Model Component  Parameter  Unit     Value
# par  comp
#   1    1   TBabs      nH         10^22    0.129000     frozen
#   2    2   powerlaw   PhoIndex            2.35000      frozen
#   3    2   powerlaw   norm                1.48941E-03  frozen
#________________________________________________________________________
#
#
#========================================================================
#Model bvapec1:TBabs<1>*bvapec<2> Source No.: 2   Active/On
#Model Model Component  Parameter  Unit     Value
# par  comp
#   1    1   TBabs      nH         10^22    0.129000     frozen
#   2    2   bvapec     kT         keV      1.84940      frozen
#   3    2   bvapec     He                  1.00000      frozen
#   4    2   bvapec     C                   1.00000      frozen
#   5    2   bvapec     N                   1.00000      frozen
#   6    2   bvapec     O                   1.00000      frozen
#   7    2   bvapec     Ne                  1.00000      frozen
#   8    2   bvapec     Mg                  1.00000      frozen
#   9    2   bvapec     Al                  1.00000      frozen
#  10    2   bvapec     Si                  1.40018      frozen
#  11    2   bvapec     S                   1.23771      frozen
#  12    2   bvapec     Ar                  1.08525      frozen
#  13    2   bvapec     Ca                  1.39231      frozen
#  14    2   bvapec     Fe                  1.16296      +/-  4.38099E-02  
#  15    2   bvapec     Ni                  2.33432      frozen
#  16    2   bvapec     Redshift            4.23262E-03  +/-  3.17294E-05  
#  17    2   bvapec     Velocity   km/s     59.1590      +/-  14.0898      
#  18    2   bvapec     norm                1.36931E-02  frozen
#________________________________________________________________________
#
#
#Fit statistic  : C-Statistic                 2022.33     using 1999 bins.
#
#Test statistic : Chi-Squared                  918.26     using 1999 bins.
#
#***Warning: Chi-square may not be valid due to bins with zero variance
#            in spectrum number(s): 1 
#
# Null hypothesis probability of 1.00e+00 with 1996 degrees of freedom
#
!XSPEC12>parallel error 20
#
!XSPEC12>error 1. bvapec1:14,16,17
# Parameter   Confidence Range (1)
#    14      1.11965       1.2073    (-0.0433348,0.0443169)
#    16   0.00420087   0.00426422    (-3.16021e-05,3.17467e-05)
#    17      43.2739      74.3533    (-16.0124,15.067)
#
!XSPEC12>save model AGN_plus_TBabs_gdem_Fe
#
!XSPEC12>setpl rebin 5 10
#
!XSPEC12>setplot rebin 5 10
#
!XSPEC12>setpl xlog on
#
!XSPEC12>setplot xlog on
#
!XSPEC12>setpl ylog on
#
!XSPEC12>setplot ylog on
#
!XSPEC12>setpl energy
#
!XSPEC12>setplot energy
#
!XSPEC12>plot data resid
#
!XSPEC12>iplot
#
!XSPEC12>cpd AGN_plus_TBabs_gdem_Si.ps/cps
#
!XSPEC12>notice all
# 60000 channels (1,60000) noticed in spectrum #     1
#
#All channels noticed
#Fit statistic  : C-Statistic                43144.88     using 60000 bins.
#
#Test statistic : Chi-Squared                10467.46     using 60000 bins.
#
#***Warning: Chi-square may not be valid due to bins with zero variance
#            in spectrum number(s): 1 
#
# Null hypothesis probability of 1.00e+00 with 59997 degrees of freedom
# Current data and model not fit yet.
#
#
!XSPEC12>ignore **: **-1.8 2.4-**
#  3601 channels (1-3601) ignored in spectrum #     1
# 55201 channels (4800-60000) ignored in spectrum #     1
#
#Fit statistic  : C-Statistic                 1261.89     using 1198 bins.
#
#Test statistic : Chi-Squared                  590.83     using 1198 bins.
#
#***Warning: Chi-square may not be valid due to bins with zero variance
#            in spectrum number(s): 1 
#
# Null hypothesis probability of 1.00e+00 with 1195 degrees of freedom
# Current data and model not fit yet.
#
#
!XSPEC12>freeze agn:3 bvapec1:2 bvapec1:14 bvapec1:11 bvapec1:12 bvapec1:13 bvapec1:15 bvapec1:18
#  parameter agn:3 is already frozen.
#  parameter bvapec1:2 is already frozen.
#  parameter bvapec1:11 is already frozen.
#  parameter bvapec1:12 is already frozen.
#  parameter bvapec1:13 is already frozen.
#  parameter bvapec1:15 is already frozen.
#  parameter bvapec1:18 is already frozen.
#
#Fit statistic  : C-Statistic                 1261.89     using 1198 bins.
#
#Test statistic : Chi-Squared                  590.83     using 1198 bins.
#
#***Warning: Chi-square may not be valid due to bins with zero variance
#            in spectrum number(s): 1 
#
# Null hypothesis probability of 1.00e+00 with 1196 degrees of freedom
# Current data and model not fit yet.
#
!XSPEC12>thaw bvapec1:10
#
#Fit statistic  : C-Statistic                 1261.89     using 1198 bins.
#
#Test statistic : Chi-Squared                  590.83     using 1198 bins.
#
#***Warning: Chi-square may not be valid due to bins with zero variance
#            in spectrum number(s): 1 
#
# Null hypothesis probability of 1.00e+00 with 1195 degrees of freedom
# Current data and model not fit yet.
#
!XSPEC12>newpar bvapec1:17 50.
#
#Fit statistic  : C-Statistic                 1262.04     using 1198 bins.
#
#Test statistic : Chi-Squared                  590.71     using 1198 bins.
#
#***Warning: Chi-square may not be valid due to bins with zero variance
#            in spectrum number(s): 1 
#
# Null hypothesis probability of 1.00e+00 with 1195 degrees of freedom
# Current data and model not fit yet.
#
!XSPEC12>thaw bvapec1:17
#  parameter bvapec1:17 is not frozen.
#
!XSPEC12>fit
# Warning: renorm - no variable model to allow  renormalization
#                                   Parameters
#C-Statistic  |beta|/N    Lvl bvapec1:10:Si bvapec1:16:Re bvapec1:17:Ve
#1256.39      8167.69      -3       1.41726    0.00438420       127.719
#1255.92      1709.77      -4       1.46139    0.00442315       138.769
#1255.88      287.751      -5       1.46753    0.00442915       146.495
#1255.87      159.354      -6       1.46886    0.00443277       148.908
#========================================
# Variances and Principal Axes
#         bvapec1:10bvapec1:16bvapec1:17  
# 8.2733E-09|  0.0000  -1.0000  -0.0000  
# 1.1903E-02|  1.0000   0.0000  -0.0004  
# 2.3982E+03|  0.0004  -0.0000   1.0000  
#----------------------------------------
#
#====================================
#  Covariance Matrix
#        1           2           3   
#   1.233e-02   1.338e-07   1.012e+00
#   1.338e-07   8.327e-09  -3.357e-04
#   1.012e+00  -3.357e-04   2.398e+03
#------------------------------------
#
#========================================================================
#Model agn:TBabs<1>*powerlaw<2> Source No.: 1   Active/On
#Model Model Component  Parameter  Unit     Value
# par  comp
#   1    1   TBabs      nH         10^22    0.129000     frozen
#   2    2   powerlaw   PhoIndex            2.35000      frozen
#   3    2   powerlaw   norm                1.48941E-03  frozen
#________________________________________________________________________
#
#
#========================================================================
#Model bvapec1:TBabs<1>*bvapec<2> Source No.: 2   Active/On
#Model Model Component  Parameter  Unit     Value
# par  comp
#   1    1   TBabs      nH         10^22    0.129000     frozen
#   2    2   bvapec     kT         keV      1.84940      frozen
#   3    2   bvapec     He                  1.00000      frozen
#   4    2   bvapec     C                   1.00000      frozen
#   5    2   bvapec     N                   1.00000      frozen
#   6    2   bvapec     O                   1.00000      frozen
#   7    2   bvapec     Ne                  1.00000      frozen
#   8    2   bvapec     Mg                  1.00000      frozen
#   9    2   bvapec     Al                  1.00000      frozen
#  10    2   bvapec     Si                  1.46886      +/-  0.111042     
#  11    2   bvapec     S                   1.23771      frozen
#  12    2   bvapec     Ar                  1.08525      frozen
#  13    2   bvapec     Ca                  1.39231      frozen
#  14    2   bvapec     Fe                  1.16296      frozen
#  15    2   bvapec     Ni                  2.33432      frozen
#  16    2   bvapec     Redshift            4.43277E-03  +/-  9.12534E-05  
#  17    2   bvapec     Velocity   km/s     148.908      +/-  48.9717      
#  18    2   bvapec     norm                1.36931E-02  frozen
#________________________________________________________________________
#
#
#Fit statistic  : C-Statistic                 1255.87     using 1198 bins.
#
#Test statistic : Chi-Squared                  594.79     using 1198 bins.
#
#***Warning: Chi-square may not be valid due to bins with zero variance
#            in spectrum number(s): 1 
#
# Null hypothesis probability of 1.00e+00 with 1195 degrees of freedom
#
!XSPEC12>parallel error 20
#
!XSPEC12>error 1. bvapec1:10,16,17
# Parameter   Confidence Range (1)
#    10      1.36004      1.58395    (-0.109311,0.114603)
#    16   0.00434136   0.00453038    (-9.25413e-05,9.6479e-05)
#    17      84.2228      202.734    (-65.7039,52.8072)
#
!XSPEC12>save model AGN_plus_TBabs_gdem_Si
#
!XSPEC12>setpl rebin 5 10
#
!XSPEC12>setplot rebin 5 10
#
!XSPEC12>setpl xlog on
#
!XSPEC12>setplot xlog on
#
!XSPEC12>setpl ylog on
#
!XSPEC12>setplot ylog on
#
!XSPEC12>setpl energy
#
!XSPEC12>setplot energy
#
!XSPEC12>plot data resid
#
!XSPEC12>iplot
#
!XSPEC12>cpd AGN_plus_TBabs_gdem_S.ps/cps
#
!XSPEC12>notice all
# 60000 channels (1,60000) noticed in spectrum #     1
#
#All channels noticed
#Fit statistic  : C-Statistic                43187.14     using 60000 bins.
#
#Test statistic : Chi-Squared                10595.90     using 60000 bins.
#
#***Warning: Chi-square may not be valid due to bins with zero variance
#            in spectrum number(s): 1 
#
# Null hypothesis probability of 1.00e+00 with 59997 degrees of freedom
# Current data and model not fit yet.
#
#
!XSPEC12>ignore **: **-2.4 3.0-**
#  4800 channels (1-4800) ignored in spectrum #     1
# 54001 channels (6000-60000) ignored in spectrum #     1
#
#Fit statistic  : C-Statistic                 1199.31     using 1199 bins.
#
#Test statistic : Chi-Squared                 1055.75     using 1199 bins.
#
#***Warning: Chi-square may not be valid due to bins with zero variance
#            in spectrum number(s): 1 
#
# Null hypothesis probability of 9.99e-01 with 1196 degrees of freedom
# Current data and model not fit yet.
#
#
!XSPEC12>freeze agn:3 bvapec1:2 bvapec1:14 bvapec1:10 bvapec1:12 bvapec1:13 bvapec1:15 bvapec1:18
#  parameter agn:3 is already frozen.
#  parameter bvapec1:2 is already frozen.
#  parameter bvapec1:12 is already frozen.
#  parameter bvapec1:13 is already frozen.
#  parameter bvapec1:14 is already frozen.
#  parameter bvapec1:15 is already frozen.
#  parameter bvapec1:18 is already frozen.
#
#Fit statistic  : C-Statistic                 1199.31     using 1199 bins.
#
#Test statistic : Chi-Squared                 1055.75     using 1199 bins.
#
#***Warning: Chi-square may not be valid due to bins with zero variance
#            in spectrum number(s): 1 
#
# Null hypothesis probability of 9.99e-01 with 1197 degrees of freedom
# Current data and model not fit yet.
#
!XSPEC12>thaw bvapec1:11
#
#Fit statistic  : C-Statistic                 1199.31     using 1199 bins.
#
#Test statistic : Chi-Squared                 1055.75     using 1199 bins.
#
#***Warning: Chi-square may not be valid due to bins with zero variance
#            in spectrum number(s): 1 
#
# Null hypothesis probability of 9.99e-01 with 1196 degrees of freedom
# Current data and model not fit yet.
#
!XSPEC12>newpar bvapec1:17 50.
#
#Fit statistic  : C-Statistic                 1212.23     using 1199 bins.
#
#Test statistic : Chi-Squared                 1059.95     using 1199 bins.
#
#***Warning: Chi-square may not be valid due to bins with zero variance
#            in spectrum number(s): 1 
#
# Null hypothesis probability of 9.98e-01 with 1196 degrees of freedom
# Current data and model not fit yet.
#
!XSPEC12>thaw bvapec1:17
#  parameter bvapec1:17 is not frozen.
#
!XSPEC12>fit
# Warning: renorm - no variable model to allow  renormalization
#                                   Parameters
#C-Statistic  |beta|/N    Lvl  bvapec1:11:S bvapec1:16:Re bvapec1:17:Ve
#1203.88      17102.7      -3       1.24958    0.00436688       219.864
#1194.57      4159.14      -4       1.25347    0.00430233       141.776
#1194.02      2071.94      -5       1.28552    0.00432002       155.820
#1194.01      9.53593      -6       1.28588    0.00431975       153.344
#========================================
# Variances and Principal Axes
#         bvapec1:11bvapec1:16bvapec1:17  
# 2.7841E-09|  0.0000  -1.0000   0.0000  
# 3.7146E-03|  1.0000   0.0000  -0.0005  
# 6.4440E+02|  0.0005   0.0000   1.0000  
#----------------------------------------
#
#====================================
#  Covariance Matrix
#        1           2           3   
#   3.845e-03   4.156e-08   2.904e-01
#   4.156e-08   2.797e-09   9.180e-05
#   2.904e-01   9.180e-05   6.444e+02
#------------------------------------
#
#========================================================================
#Model agn:TBabs<1>*powerlaw<2> Source No.: 1   Active/On
#Model Model Component  Parameter  Unit     Value
# par  comp
#   1    1   TBabs      nH         10^22    0.129000     frozen
#   2    2   powerlaw   PhoIndex            2.35000      frozen
#   3    2   powerlaw   norm                1.48941E-03  frozen
#________________________________________________________________________
#
#
#========================================================================
#Model bvapec1:TBabs<1>*bvapec<2> Source No.: 2   Active/On
#Model Model Component  Parameter  Unit     Value
# par  comp
#   1    1   TBabs      nH         10^22    0.129000     frozen
#   2    2   bvapec     kT         keV      1.84940      frozen
#   3    2   bvapec     He                  1.00000      frozen
#   4    2   bvapec     C                   1.00000      frozen
#   5    2   bvapec     N                   1.00000      frozen
#   6    2   bvapec     O                   1.00000      frozen
#   7    2   bvapec     Ne                  1.00000      frozen
#   8    2   bvapec     Mg                  1.00000      frozen
#   9    2   bvapec     Al                  1.00000      frozen
#  10    2   bvapec     Si                  1.46886      frozen
#  11    2   bvapec     S                   1.28588      +/-  6.20119E-02  
#  12    2   bvapec     Ar                  1.08525      frozen
#  13    2   bvapec     Ca                  1.39231      frozen
#  14    2   bvapec     Fe                  1.16296      frozen
#  15    2   bvapec     Ni                  2.33432      frozen
#  16    2   bvapec     Redshift            4.31975E-03  +/-  5.28881E-05  
#  17    2   bvapec     Velocity   km/s     153.344      +/-  25.3850      
#  18    2   bvapec     norm                1.36931E-02  frozen
#________________________________________________________________________
#
#
#Fit statistic  : C-Statistic                 1194.01     using 1199 bins.
#
#Test statistic : Chi-Squared                 1055.69     using 1199 bins.
#
#***Warning: Chi-square may not be valid due to bins with zero variance
#            in spectrum number(s): 1 
#
# Null hypothesis probability of 9.99e-01 with 1196 degrees of freedom
#
!XSPEC12>parallel error 20
#
!XSPEC12>error 1. bvapec1:11,16,17
# Parameter   Confidence Range (1)
#    11      1.22505      1.34871    (-0.0610436,0.0626192)
#    16   0.00426747   0.00437254    (-5.25217e-05,5.25493e-05)
#    17      129.228       176.96    (-24.4929,23.2397)
#
!XSPEC12>save model AGN_plus_TBabs_gdem_S
#
!XSPEC12>setpl rebin 5 10
#
!XSPEC12>setplot rebin 5 10
#
!XSPEC12>setpl xlog on
#
!XSPEC12>setplot xlog on
#
!XSPEC12>setpl ylog on
#
!XSPEC12>setplot ylog on
#
!XSPEC12>setpl energy
#
!XSPEC12>setplot energy
#
!XSPEC12>plot data resid
#
!XSPEC12>iplot
#
!XSPEC12>cpd AGN_plus_TBabs_gdem_Ar.ps/cps
#
!XSPEC12>notice all
# 60000 channels (1,60000) noticed in spectrum #     1
#
#All channels noticed
#Fit statistic  : C-Statistic                43168.98     using 60000 bins.
#
#Test statistic : Chi-Squared                10584.89     using 60000 bins.
#
#***Warning: Chi-square may not be valid due to bins with zero variance
#            in spectrum number(s): 1 
#
# Null hypothesis probability of 1.00e+00 with 59997 degrees of freedom
# Current data and model not fit yet.
#
#
!XSPEC12>ignore **: **-3.0 3.7-**
#  6000 channels (1-6000) ignored in spectrum #     1
# 52601 channels (7400-60000) ignored in spectrum #     1
#
#Fit statistic  : C-Statistic                 1487.57     using 1399 bins.
#
#Test statistic : Chi-Squared                 1595.60     using 1399 bins.
#
#***Warning: Chi-square may not be valid due to bins with zero variance
#            in spectrum number(s): 1 
#
# Null hypothesis probability of 1.45e-04 with 1396 degrees of freedom
# Current data and model not fit yet.
#
#
!XSPEC12>freeze agn:3 bvapec1:2 bvapec1:14 bvapec1:10 bvapec1:11 bvapec1:13 bvapec1:15 bvapec1:18
#  parameter agn:3 is already frozen.
#  parameter bvapec1:2 is already frozen.
#  parameter bvapec1:10 is already frozen.
#  parameter bvapec1:13 is already frozen.
#  parameter bvapec1:14 is already frozen.
#  parameter bvapec1:15 is already frozen.
#  parameter bvapec1:18 is already frozen.
#
#Fit statistic  : C-Statistic                 1487.57     using 1399 bins.
#
#Test statistic : Chi-Squared                 1595.60     using 1399 bins.
#
#***Warning: Chi-square may not be valid due to bins with zero variance
#            in spectrum number(s): 1 
#
# Null hypothesis probability of 1.56e-04 with 1397 degrees of freedom
# Current data and model not fit yet.
#
!XSPEC12>thaw bvapec1:12
#
#Fit statistic  : C-Statistic                 1487.57     using 1399 bins.
#
#Test statistic : Chi-Squared                 1595.60     using 1399 bins.
#
#***Warning: Chi-square may not be valid due to bins with zero variance
#            in spectrum number(s): 1 
#
# Null hypothesis probability of 1.45e-04 with 1396 degrees of freedom
# Current data and model not fit yet.
#
!XSPEC12>newpar bvapec1:17 50.
#
#Fit statistic  : C-Statistic                 1479.04     using 1399 bins.
#
#Test statistic : Chi-Squared                 1583.18     using 1399 bins.
#
#***Warning: Chi-square may not be valid due to bins with zero variance
#            in spectrum number(s): 1 
#
# Null hypothesis probability of 3.27e-04 with 1396 degrees of freedom
# Current data and model not fit yet.
#
!XSPEC12>thaw bvapec1:17
#  parameter bvapec1:17 is not frozen.
#
!XSPEC12>fit
# Warning: renorm - no variable model to allow  renormalization
#                                   Parameters
#C-Statistic  |beta|/N    Lvl bvapec1:12:Ar bvapec1:16:Re bvapec1:17:Ve
#1478.48      165.882      -3       1.03417    0.00432109       12.8693
#1478.46      95.7796      -4       1.03308    0.00431957       3.03196
#1478.46      62.0208      -5       1.03283    0.00431959      0.549785
#========================================
# Variances and Principal Axes
#         bvapec1:12bvapec1:16bvapec1:17  
# 3.2492E-09|  0.0000   1.0000  -0.0000  
# 7.6386E-03|  1.0000  -0.0000  -0.0000  
# 7.9635E+05| -0.0000  -0.0000  -1.0000  
#----------------------------------------
#
#====================================
#  Covariance Matrix
#        1           2           3   
#   8.208e-03  -4.177e-08   2.129e+01
#  -4.177e-08   3.197e-09   1.221e-03
#   2.129e+01   1.221e-03   7.963e+05
#------------------------------------
#
#========================================================================
#Model agn:TBabs<1>*powerlaw<2> Source No.: 1   Active/On
#Model Model Component  Parameter  Unit     Value
# par  comp
#   1    1   TBabs      nH         10^22    0.129000     frozen
#   2    2   powerlaw   PhoIndex            2.35000      frozen
#   3    2   powerlaw   norm                1.48941E-03  frozen
#________________________________________________________________________
#
#
#========================================================================
#Model bvapec1:TBabs<1>*bvapec<2> Source No.: 2   Active/On
#Model Model Component  Parameter  Unit     Value
# par  comp
#   1    1   TBabs      nH         10^22    0.129000     frozen
#   2    2   bvapec     kT         keV      1.84940      frozen
#   3    2   bvapec     He                  1.00000      frozen
#   4    2   bvapec     C                   1.00000      frozen
#   5    2   bvapec     N                   1.00000      frozen
#   6    2   bvapec     O                   1.00000      frozen
#   7    2   bvapec     Ne                  1.00000      frozen
#   8    2   bvapec     Mg                  1.00000      frozen
#   9    2   bvapec     Al                  1.00000      frozen
#  10    2   bvapec     Si                  1.46886      frozen
#  11    2   bvapec     S                   1.28588      frozen
#  12    2   bvapec     Ar                  1.03283      +/-  9.05976E-02  
#  13    2   bvapec     Ca                  1.39231      frozen
#  14    2   bvapec     Fe                  1.16296      frozen
#  15    2   bvapec     Ni                  2.33432      frozen
#  16    2   bvapec     Redshift            4.31959E-03  +/-  5.65452E-05  
#  17    2   bvapec     Velocity   km/s     0.549785     +/-  892.383      
#  18    2   bvapec     norm                1.36931E-02  frozen
#________________________________________________________________________
#
#
#Fit statistic  : C-Statistic                 1478.46     using 1399 bins.
#
#Test statistic : Chi-Squared                 1574.48     using 1399 bins.
#
#***Warning: Chi-square may not be valid due to bins with zero variance
#            in spectrum number(s): 1 
#
# Null hypothesis probability of 5.65e-04 with 1396 degrees of freedom
#
!XSPEC12>parallel error 20
#
!XSPEC12>error 1. bvapec1:12,16,17
# Parameter   Confidence Range (1)
#    12     0.954622      1.13127    (-0.0782756,0.0983703)
#    16   0.00426462   0.00437537    (-5.49679e-05,5.57782e-05)
#***Warning: Parameter pegged at hard limit: 0
#    17            0      69.1606    (-0.127404,69.0332)
#
!XSPEC12>save model AGN_plus_TBabs_gdem_Ar
#
!XSPEC12>setpl rebin 5 10
#
!XSPEC12>setplot rebin 5 10
#
!XSPEC12>setpl xlog on
#
!XSPEC12>setplot xlog on
#
!XSPEC12>setpl ylog on
#
!XSPEC12>setplot ylog on
#
!XSPEC12>setpl energy
#
!XSPEC12>setplot energy
#
!XSPEC12>plot data resid
#
!XSPEC12>iplot
#
!XSPEC12>cpd AGN_plus_TBabs_gdem_Ca.ps/cps
#
!XSPEC12>notice all
# 60000 channels (1,60000) noticed in spectrum #     1
#
#All channels noticed
#Fit statistic  : C-Statistic                43154.86     using 60000 bins.
#
#Test statistic : Chi-Squared                10516.02     using 60000 bins.
#
#***Warning: Chi-square may not be valid due to bins with zero variance
#            in spectrum number(s): 1 
#
# Null hypothesis probability of 1.00e+00 with 59997 degrees of freedom
# Current data and model not fit yet.
#
#
!XSPEC12>ignore **: **-3.7 4.7-**
#  7400 channels (1-7400) ignored in spectrum #     1
# 50600 channels (9401-60000) ignored in spectrum #     1
#
#Fit statistic  : C-Statistic                 2269.89     using 2000 bins.
#
#Test statistic : Chi-Squared                 1978.39     using 2000 bins.
#
#***Warning: Chi-square may not be valid due to bins with zero variance
#            in spectrum number(s): 1 
#
# Null hypothesis probability of 6.12e-01 with 1997 degrees of freedom
# Current data and model not fit yet.
#
#
!XSPEC12>freeze agn:3 bvapec1:2 bvapec1:14 bvapec1:10 bvapec1:11 bvapec1:12 bvapec1:15 bvapec1:18
#  parameter agn:3 is already frozen.
#  parameter bvapec1:2 is already frozen.
#  parameter bvapec1:10 is already frozen.
#  parameter bvapec1:11 is already frozen.
#  parameter bvapec1:14 is already frozen.
#  parameter bvapec1:15 is already frozen.
#  parameter bvapec1:18 is already frozen.
#
#Fit statistic  : C-Statistic                 2269.89     using 2000 bins.
#
#Test statistic : Chi-Squared                 1978.39     using 2000 bins.
#
#***Warning: Chi-square may not be valid due to bins with zero variance
#            in spectrum number(s): 1 
#
# Null hypothesis probability of 6.18e-01 with 1998 degrees of freedom
# Current data and model not fit yet.
#
!XSPEC12>thaw bvapec1:13
#
#Fit statistic  : C-Statistic                 2269.89     using 2000 bins.
#
#Test statistic : Chi-Squared                 1978.39     using 2000 bins.
#
#***Warning: Chi-square may not be valid due to bins with zero variance
#            in spectrum number(s): 1 
#
# Null hypothesis probability of 6.12e-01 with 1997 degrees of freedom
# Current data and model not fit yet.
#
!XSPEC12>newpar bvapec1:17 50.
#
#Fit statistic  : C-Statistic                 2268.75     using 2000 bins.
#
#Test statistic : Chi-Squared                 1979.23     using 2000 bins.
#
#***Warning: Chi-square may not be valid due to bins with zero variance
#            in spectrum number(s): 1 
#
# Null hypothesis probability of 6.07e-01 with 1997 degrees of freedom
# Current data and model not fit yet.
#
!XSPEC12>thaw bvapec1:17
#  parameter bvapec1:17 is not frozen.
#
!XSPEC12>fit
# Warning: renorm - no variable model to allow  renormalization
#                                   Parameters
#C-Statistic  |beta|/N    Lvl bvapec1:13:Ca bvapec1:16:Re bvapec1:17:Ve
#2265.67      9994.76      -3       1.38183    0.00441537       80.1809
#2265.46      265.06       -4       1.40229    0.00441761       67.6438
#2265.46      240.953      -5       1.40409    0.00442014       68.0953
#========================================
# Variances and Principal Axes
#         bvapec1:13bvapec1:16bvapec1:17  
# 3.4941E-09|  0.0000   1.0000  -0.0000  
# 1.1932E-02|  1.0000  -0.0000  -0.0007  
# 1.4793E+03| -0.0007  -0.0000  -1.0000  
#----------------------------------------
#
#====================================
#  Covariance Matrix
#        1           2           3   
#   1.263e-02  -8.774e-08   1.013e+00
#  -8.774e-08   3.497e-09   4.562e-05
#   1.013e+00   4.562e-05   1.479e+03
#------------------------------------
#
#========================================================================
#Model agn:TBabs<1>*powerlaw<2> Source No.: 1   Active/On
#Model Model Component  Parameter  Unit     Value
# par  comp
#   1    1   TBabs      nH         10^22    0.129000     frozen
#   2    2   powerlaw   PhoIndex            2.35000      frozen
#   3    2   powerlaw   norm                1.48941E-03  frozen
#________________________________________________________________________
#
#
#========================================================================
#Model bvapec1:TBabs<1>*bvapec<2> Source No.: 2   Active/On
#Model Model Component  Parameter  Unit     Value
# par  comp
#   1    1   TBabs      nH         10^22    0.129000     frozen
#   2    2   bvapec     kT         keV      1.84940      frozen
#   3    2   bvapec     He                  1.00000      frozen
#   4    2   bvapec     C                   1.00000      frozen
#   5    2   bvapec     N                   1.00000      frozen
#   6    2   bvapec     O                   1.00000      frozen
#   7    2   bvapec     Ne                  1.00000      frozen
#   8    2   bvapec     Mg                  1.00000      frozen
#   9    2   bvapec     Al                  1.00000      frozen
#  10    2   bvapec     Si                  1.46886      frozen
#  11    2   bvapec     S                   1.28588      frozen
#  12    2   bvapec     Ar                  1.03283      frozen
#  13    2   bvapec     Ca                  1.40409      +/-  0.112366     
#  14    2   bvapec     Fe                  1.16296      frozen
#  15    2   bvapec     Ni                  2.33432      frozen
#  16    2   bvapec     Redshift            4.42014E-03  +/-  5.91324E-05  
#  17    2   bvapec     Velocity   km/s     68.0953      +/-  38.4622      
#  18    2   bvapec     norm                1.36931E-02  frozen
#________________________________________________________________________
#
#
#Fit statistic  : C-Statistic                 2265.46     using 2000 bins.
#
#Test statistic : Chi-Squared                 1979.17     using 2000 bins.
#
#***Warning: Chi-square may not be valid due to bins with zero variance
#            in spectrum number(s): 1 
#
# Null hypothesis probability of 6.07e-01 with 1997 degrees of freedom
#
!XSPEC12>parallel error 20
#
!XSPEC12>error 1. bvapec1:13,16,17
# Parameter   Confidence Range (1)
#    13       1.2938      1.51848    (-0.110338,0.114344)
#    16   0.00436042   0.00447921    (-5.96704e-05,5.91205e-05)
#    17      6.18533      100.912    (-61.7189,33.008)
#
!XSPEC12>save model AGN_plus_TBabs_gdem_Ca
#
!XSPEC12>setpl rebin 5 10
#
!XSPEC12>setplot rebin 5 10
#
!XSPEC12>setpl xlog on
#
!XSPEC12>setplot xlog on
#
!XSPEC12>setpl ylog on
#
!XSPEC12>setplot ylog on
#
!XSPEC12>setpl energy
#
!XSPEC12>setplot energy
#
!XSPEC12>plot data resid
#
!XSPEC12>iplot
#
!XSPEC12>cpd AGN_plus_TBabs_gdem_Ni.ps/cps
#
!XSPEC12>notice all
# 60000 channels (1,60000) noticed in spectrum #     1
#
#All channels noticed
#Fit statistic  : C-Statistic                43173.26     using 60000 bins.
#
#Test statistic : Chi-Squared                10560.50     using 60000 bins.
#
#***Warning: Chi-square may not be valid due to bins with zero variance
#            in spectrum number(s): 1 
#
# Null hypothesis probability of 1.00e+00 with 59997 degrees of freedom
# Current data and model not fit yet.
#
#
!XSPEC12>ignore **: **-7.4 8.2-**
# 14800 channels (1-14800) ignored in spectrum #     1
# 43600 channels (16401-60000) ignored in spectrum #     1
#
#Fit statistic  : C-Statistic                 1294.20     using 1600 bins.
#
#Test statistic : Chi-Squared                  351.15     using 1600 bins.
#
#***Warning: Chi-square may not be valid due to bins with zero variance
#            in spectrum number(s): 1 
#
# Null hypothesis probability of 1.00e+00 with 1597 degrees of freedom
# Current data and model not fit yet.
#
#
!XSPEC12>freeze agn:3 bvapec1:2 bvapec1:14 bvapec1:10 bvapec1:11 bvapec1:12 bvapec1:13 bvapec1:18
#  parameter agn:3 is already frozen.
#  parameter bvapec1:2 is already frozen.
#  parameter bvapec1:10 is already frozen.
#  parameter bvapec1:11 is already frozen.
#  parameter bvapec1:12 is already frozen.
#  parameter bvapec1:14 is already frozen.
#  parameter bvapec1:18 is already frozen.
#
#Fit statistic  : C-Statistic                 1294.20     using 1600 bins.
#
#Test statistic : Chi-Squared                  351.15     using 1600 bins.
#
#***Warning: Chi-square may not be valid due to bins with zero variance
#            in spectrum number(s): 1 
#
# Null hypothesis probability of 1.00e+00 with 1598 degrees of freedom
# Current data and model not fit yet.
#
!XSPEC12>thaw bvapec1:15
#
#Fit statistic  : C-Statistic                 1294.20     using 1600 bins.
#
#Test statistic : Chi-Squared                  351.15     using 1600 bins.
#
#***Warning: Chi-square may not be valid due to bins with zero variance
#            in spectrum number(s): 1 
#
# Null hypothesis probability of 1.00e+00 with 1597 degrees of freedom
# Current data and model not fit yet.
#
!XSPEC12>newpar bvapec1:17 50.
#
#Fit statistic  : C-Statistic                 1294.73     using 1600 bins.
#
#Test statistic : Chi-Squared                  351.54     using 1600 bins.
#
#***Warning: Chi-square may not be valid due to bins with zero variance
#            in spectrum number(s): 1 
#
# Null hypothesis probability of 1.00e+00 with 1597 degrees of freedom
# Current data and model not fit yet.
#
!XSPEC12>thaw bvapec1:17
#  parameter bvapec1:17 is not frozen.
#
!XSPEC12>fit
# Warning: renorm - no variable model to allow  renormalization
#                                   Parameters
#C-Statistic  |beta|/N    Lvl bvapec1:15:Ni bvapec1:16:Re bvapec1:17:Ve
#1287.78      10064.7      -3       2.07162    0.00417903       72.6394
#1285.87      265.93       -4       2.28503    0.00417405       12.5256
#1285.81      494.692      -5       2.32021    0.00416173       3.14723
#1285.81      181.182      -6       2.31990    0.00416386      0.971397
#========================================
# Variances and Principal Axes
#         bvapec1:15bvapec1:16bvapec1:17  
# 6.7785E-09|  0.0000   1.0000  -0.0000  
# 6.3516E-01|  1.0000  -0.0000  -0.0002  
# 4.1607E+05| -0.0002  -0.0000  -1.0000  
#----------------------------------------
#
#====================================
#  Covariance Matrix
#        1           2           3   
#   6.456e-01  -2.310e-06   6.599e+01
#  -2.310e-06   6.779e-09   2.024e-03
#   6.599e+01   2.024e-03   4.161e+05
#------------------------------------
#
#========================================================================
#Model agn:TBabs<1>*powerlaw<2> Source No.: 1   Active/On
#Model Model Component  Parameter  Unit     Value
# par  comp
#   1    1   TBabs      nH         10^22    0.129000     frozen
#   2    2   powerlaw   PhoIndex            2.35000      frozen
#   3    2   powerlaw   norm                1.48941E-03  frozen
#________________________________________________________________________
#
#
#========================================================================
#Model bvapec1:TBabs<1>*bvapec<2> Source No.: 2   Active/On
#Model Model Component  Parameter  Unit     Value
# par  comp
#   1    1   TBabs      nH         10^22    0.129000     frozen
#   2    2   bvapec     kT         keV      1.84940      frozen
#   3    2   bvapec     He                  1.00000      frozen
#   4    2   bvapec     C                   1.00000      frozen
#   5    2   bvapec     N                   1.00000      frozen
#   6    2   bvapec     O                   1.00000      frozen
#   7    2   bvapec     Ne                  1.00000      frozen
#   8    2   bvapec     Mg                  1.00000      frozen
#   9    2   bvapec     Al                  1.00000      frozen
#  10    2   bvapec     Si                  1.46886      frozen
#  11    2   bvapec     S                   1.28588      frozen
#  12    2   bvapec     Ar                  1.03283      frozen
#  13    2   bvapec     Ca                  1.40409      frozen
#  14    2   bvapec     Fe                  1.16296      frozen
#  15    2   bvapec     Ni                  2.31990      +/-  0.803509     
#  16    2   bvapec     Redshift            4.16386E-03  +/-  8.23338E-05  
#  17    2   bvapec     Velocity   km/s     0.971397     +/-  645.032      
#  18    2   bvapec     norm                1.36931E-02  frozen
#________________________________________________________________________
#
#
#Fit statistic  : C-Statistic                 1285.81     using 1600 bins.
#
#Test statistic : Chi-Squared                  347.42     using 1600 bins.
#
#***Warning: Chi-square may not be valid due to bins with zero variance
#            in spectrum number(s): 1 
#
# Null hypothesis probability of 1.00e+00 with 1597 degrees of freedom
#
!XSPEC12>parallel error 20
#
!XSPEC12>error 1. bvapec1:15,16,17
# Parameter   Confidence Range (1)
#    15      1.59752      3.20501    (-0.722991,0.884498)
#    16   0.00408797   0.00424173    (-7.54975e-05,7.82588e-05)
#***Warning: Parameter pegged at hard limit: 0
#    17            0      56.9738    (-0.100081,56.8737)
#
!XSPEC12>save model AGN_plus_TBabs_gdem_Ni
#
!XSPEC12>setpl rebin 5 10
#
!XSPEC12>setplot rebin 5 10
#
!XSPEC12>setpl xlog on
#
!XSPEC12>setplot xlog on
#
!XSPEC12>setpl ylog on
#
!XSPEC12>setplot ylog on
#
!XSPEC12>setpl energy
#
!XSPEC12>setplot energy
#
!XSPEC12>plot data resid
#
!XSPEC12>iplot
#
!XSPEC12> quit
# XSPEC: quit
#