 Parameter        Statistics       Delta          Delta
   value            value        parameter      statistics
----------------------------------------------------------
  4.194051E-03      301.53     -4.435284E-05   -1.81
 Parameter    3 is at lower limit. Suggestion: fit again
  3.794876E-03      377.97     -4.435277E-04   74.63
  4.016640E-03      326.19     -2.217637E-04   22.85
  4.127522E-03      306.42     -1.108819E-04    3.08
  4.182963E-03      302.06     -5.544070E-05   -1.27
  4.155242E-03      303.89     -8.316152E-05    0.55
  4.149443E-03      304.36     -8.896040E-05    1.02
  4.151661E-03      304.18     -8.674245E-05    0.84
  4.282756E-03      301.07      4.435284E-05   -2.27
  4.681931E-03      353.38      4.435275E-04   50.04
  4.460167E-03      316.95      2.217637E-04   13.61
  4.349285E-03      304.77      1.108819E-04    1.43
  4.318171E-03      302.64      7.976778E-05   -0.69
  4.333728E-03      303.62      9.532459E-05    0.29
  4.341506E-03      304.18      1.031030E-04    0.84
  4.343724E-03      304.34      1.053209E-04    1.00
 During the error search a lower fit statistic was encountered.
 Parameter value    :    4.28276E-03
 Lower fit statistic:         301.07
 This is the lowest fit statistic so-far. Consider re-fitting.
 See command file spex_lower_stat.com for start parameters.
 In that file, the current parameter is frozen. Fit, thaw parameter, fit.
 Parameter   1    1 z   :   4.23840E-03 Errors:  -8.67425E-05 ,   1.05321E-04
 Parameter        Statistics       Delta          Delta
   value            value        parameter      statistics
----------------------------------------------------------
   106.702          301.79      -14.7247       -1.55
   0.00000          334.25      -121.426       30.91
   60.7132          315.14      -60.7132       11.81
   91.0698          304.78      -30.3566        1.44
   99.6993          302.91      -21.7271       -0.43
   95.3846          303.77      -26.0419        0.44
   93.2272          304.26      -28.1992        0.92
   92.4910          304.43      -28.9355        1.09
   136.151          300.74       14.7247       -2.60
 Parameter    4 is at lower limit. Suggestion: fit again
   268.674          347.24       147.247       43.90
 Parameter    4 is at lower limit. Suggestion: fit again
   195.050          317.68       73.6236       14.34
 Parameter    4 is at lower limit. Suggestion: fit again
   158.238          307.37       36.8118        4.03
   139.832          301.00       18.4059       -2.34
   149.035          301.99       27.6088       -1.34
   153.637          302.67       32.2103       -0.67
 Parameter    4 is at lower limit. Suggestion: fit again
   155.937          306.90       34.5110        3.56
   154.787          302.86       33.3607       -0.48
 During the error search a lower fit statistic was encountered.
 Parameter value    :     136.15
 Lower fit statistic:         300.74
 This is the lowest fit statistic so-far. Consider re-fitting.
 See command file spex_lower_stat.com for start parameters.
 In that file, the current parameter is frozen. Fit, thaw parameter, fit.
 Parameter   1    2 vrms:    121.43     Errors:   -28.935     ,    33.361
 Parameter        Statistics       Delta          Delta
   value            value        parameter      statistics
----------------------------------------------------------
 Parameter    4 is at lower limit. Suggestion: fit again
  0.582786          304.33     -3.458476E-02    0.99
 Parameter    4 is at lower limit. Suggestion: fit again
  0.548201          307.54     -6.916946E-02    4.20
  0.582786          304.33     -3.458470E-02    0.99
 Parameter    4 is at lower limit. Suggestion: fit again
  0.582440          304.35     -3.493059E-02    1.01
  0.651956          300.55      3.458476E-02   -2.78
  0.963218          319.24      0.345847       15.90
 Parameter    4 is at lower limit. Suggestion: fit again
  0.790295          321.65      0.172924       18.31
 Parameter    4 is at lower limit. Suggestion: fit again
  0.703833          308.48      8.646184E-02    5.15
  0.660602          300.47      4.323095E-02   -2.86
 Parameter    4 is at lower limit. Suggestion: fit again
  0.681457          306.25      6.408590E-02    2.92
 Parameter    4 is at lower limit. Suggestion: fit again
  0.674545          305.68      5.717432E-02    2.34
  0.667573          300.45      5.020267E-02   -2.89
 Parameter    4 is at lower limit. Suggestion: fit again
  0.671059          305.41      5.368847E-02    2.08
 Parameter    4 is at lower limit. Suggestion: fit again
  0.669330          305.29      5.195922E-02    1.95
 During the error search a lower fit statistic was encountered.
 Parameter value    :    0.66757
 Lower fit statistic:         300.45
 This is the lowest fit statistic so-far. Consider re-fitting.
 See command file spex_lower_stat.com for start parameters.
 In that file, the current parameter is frozen. Fit, thaw parameter, fit.
 Parameter   1    2 26  :   0.61737     Errors:  -3.49306E-02 ,   5.19592E-02
 Parameter        Statistics       Delta          Delta
   value            value        parameter      statistics
----------------------------------------------------------
 Parameter    3 is at lower limit. Suggestion: fit again
  4.165118E-03      461.92     -1.044213E-04    1.26
 Parameter    3 is at lower limit. Suggestion: fit again
  4.186762E-03      461.48     -8.277735E-05    0.82
 Parameter    2 is at lower limit. Suggestion: fit again
 Parameter    3 is at lower limit. Suggestion: fit again
  4.177963E-03      461.65     -9.157602E-05    0.99
 Parameter    3 is at lower limit. Suggestion: fit again
  4.177440E-03      461.65     -9.209849E-05    1.00
 Parameter    2 is at lower limit. Suggestion: fit again
 Parameter    3 is at lower limit. Suggestion: fit again
  4.373960E-03      461.56      1.044213E-04    0.91
 Parameter    3 is at lower limit. Suggestion: fit again
  4.478381E-03      464.63      2.088421E-04    3.98
  4.373960E-03      461.56      1.044213E-04    0.91
 Parameter    3 is at lower limit. Suggestion: fit again
  4.377043E-03      461.62      1.075040E-04    0.97
 Parameter    3 is at lower limit. Suggestion: fit again
  4.378900E-03      461.66      1.093610E-04    1.00
 Parameter   1    1 z   :   4.26954E-03 Errors:  -9.20985E-05 ,   1.09361E-04
 Parameter        Statistics       Delta          Delta
   value            value        parameter      statistics
----------------------------------------------------------
   0.00000          460.65       0.00000        0.00
  1.192093E-06      460.65      1.192093E-06   -0.00
  1.192093E-05      460.65      1.192093E-05   -0.00
 Parameter        Statistics       Delta          Delta
   value            value        parameter      statistics
----------------------------------------------------------
 Parameter    2 is at lower limit. Suggestion: fit again
 Parameter    3 is at lower limit. Suggestion: fit again
  4.364817E-03      310.99     -6.352970E-05    0.85
 Parameter    2 is at lower limit. Suggestion: fit again
 Parameter    3 is at lower limit. Suggestion: fit again
  4.301287E-03      313.53     -1.270594E-04    3.39
  4.364817E-03      310.99     -6.352970E-05    0.85
 Parameter    2 is at lower limit. Suggestion: fit again
 Parameter    3 is at lower limit. Suggestion: fit again
  4.361126E-03      311.09     -6.722054E-05    0.95
 Parameter    2 is at lower limit. Suggestion: fit again
 Parameter    3 is at lower limit. Suggestion: fit again
  4.359430E-03      311.14     -6.891694E-05    1.00
 Parameter    2 is at lower limit. Suggestion: fit again
 Parameter    3 is at lower limit. Suggestion: fit again
  4.491876E-03      310.98      6.352970E-05    0.85
 Parameter    2 is at lower limit. Suggestion: fit again
  4.555406E-03      308.05      1.270594E-04   -2.08
 Parameter    3 is at lower limit. Suggestion: fit again
  5.698942E-03      481.35      1.270595E-03  171.21
 Parameter    2 is at lower limit. Suggestion: fit again
  5.063645E-03      353.38      6.352980E-04   43.25
 Parameter    2 is at lower limit. Suggestion: fit again
 Parameter    3 is at lower limit. Suggestion: fit again
  4.745996E-03      329.73      3.176490E-04   19.59
 Parameter    2 is at lower limit. Suggestion: fit again
 Parameter    3 is at lower limit. Suggestion: fit again
  4.587171E-03      315.24      1.588245E-04    5.11
 Parameter    2 is at lower limit. Suggestion: fit again
 Parameter    3 is at lower limit. Suggestion: fit again
  4.507759E-03      311.45      7.941201E-05    1.31
 Parameter    2 is at lower limit. Suggestion: fit again
 Parameter    3 is at lower limit. Suggestion: fit again
  4.491192E-03      310.96      6.284518E-05    0.83
 Parameter    2 is at lower limit. Suggestion: fit again
 Parameter    3 is at lower limit. Suggestion: fit again
  4.497545E-03      311.14      6.919820E-05    1.00
 During the error search a lower fit statistic was encountered.
 Parameter value    :    4.55541E-03
 Lower fit statistic:         308.05
 This is the lowest fit statistic so-far. Consider re-fitting.
 See command file spex_lower_stat.com for start parameters.
 In that file, the current parameter is frozen. Fit, thaw parameter, fit.
 Parameter   1    1 z   :   4.42835E-03 Errors:  -6.89169E-05 ,   6.91982E-05
 Parameter        Statistics       Delta          Delta
   value            value        parameter      statistics
----------------------------------------------------------
   0.00000          310.13       0.00000        0.00
 Parameter    3 is at lower limit. Suggestion: fit again
  1.192093E-06      310.13      1.192093E-06    0.00
 Parameter    3 is at lower limit. Suggestion: fit again
  1.192093E-05      310.13      1.192093E-05    0.00
 Parameter    3 is at lower limit. Suggestion: fit again
  1.192093E-04      310.13      1.192093E-04    0.00
 Parameter    3 is at lower limit. Suggestion: fit again
  1.192093E-03      310.13      1.192093E-03    0.00
