Error in parameter file: line 2: field Value
Error in parameter file: line 1: field Type
punlearn: can't open parameter file: heasim

  Running HEASim, v. 2018-02-13


 Input Calibration files
   intbackfile  = /home/neolnx/software/Xspec/heasoft-6.31.1/xrism/heasimfiles/astro-h/sxi/background/ah_sxi_pch_nxb_full_20110530.pi
   psffile      = /home/neolnx/software/Xspec/heasoft-6.31.1/xrism/heasimfiles/astro-h/sxi/psf/sxt-i_EEF_4p5keV_140617_type1.fits
   vigfile      = /home/neolnx/software/Xspec/heasoft-6.31.1/xrism/heasimfiles/astro-h/sxi/vignette/SXT_VIG_140618_type1.fits
   arffile      = /home/neolnx/software/Xspec/heasoft-6.31.1/xrism/heasimfiles/astro-h/sxi/response/sxt-i_140505_ts02um_int01.8r_intall.arf
   rmffile      = /home/neolnx/software/Xspec/heasoft-6.31.1/xrism/heasimfiles/astro-h/sxi/response/ah_sxi_20120702.rmf

 Global simulation info 
   Pointing Direction (RA, DEC, ROLL): 150.000000, 50.000000, 0.000000
   Exposure Time (s): 10000.000000
   Mission:           astro-h
   Instrument:        sxi
   dtpileup:          0.000000
   flagsubex:         0
   subexposure:       0.000000
   resample:          1
   skipfov:           0

 Debugging mode: Disengaged

 Using user input seed = 1234567890

Reading mission database file /home/neolnx/software/Xspec/heasoft-6.31.1/x86_64-pc-linux-gnu-libc2.35/refdata/heasim.mdb ...
...done.

Reading instrument map file...
  ERROR: instrument map file does not exist on disk:
   ///home/neolnx/software/Xspec/heasoft-6.31.1/xrism/heasimfiles/astro-h/sxi/instmap/ah_sxi_instmap_20131001v004.fits

    errstatus -1, could not read instrument map.
    Resetting s_mdb.instmap_flag to 0.

heasim.c: problem accessing ARF file /home/neolnx/software/Xspec/heasoft-6.31.1/xrism/heasimfiles/astro-h/sxi/response/sxt-i_140505_ts02um_int01.8r_intall.arf
errstatus -1, could not find one or more calibration files.
